2023-10-25 17:03:59,125:WARNING:
'cuml' is a soft dependency and not included in the pycaret installation. Please run: `pip install cuml` to install.
2023-10-25 17:03:59,125:WARNING:
'cuml' is a soft dependency and not included in the pycaret installation. Please run: `pip install cuml` to install.
2023-10-25 17:03:59,125:WARNING:
'cuml' is a soft dependency and not included in the pycaret installation. Please run: `pip install cuml` to install.
2023-10-25 17:03:59,125:WARNING:
'cuml' is a soft dependency and not included in the pycaret installation. Please run: `pip install cuml` to install.
2023-10-25 17:04:00,343:INFO:PyCaret ClassificationExperiment
2023-10-25 17:04:00,343:INFO:Logging name: clf-default-name
2023-10-25 17:04:00,343:INFO:ML Usecase: MLUsecase.CLASSIFICATION
2023-10-25 17:04:00,343:INFO:version 3.1.0
2023-10-25 17:04:00,343:INFO:Initializing setup()
2023-10-25 17:04:00,343:INFO:self.USI: c328
2023-10-25 17:04:00,344:INFO:self._variable_keys: {'fold_generator', 'fold_groups_param', 'is_multiclass', 'exp_name_log', 'seed', 'gpu_n_jobs_param', 'gpu_param', 'X', 'USI', 'idx', 'fix_imbalance', 'pipeline', 'X_test', '_available_plots', 'X_train', 'y_train', 'target_param', 'html_param', 'logging_param', '_ml_usecase', 'y', 'data', 'fold_shuffle_param', 'log_plots_param', 'y_test', 'memory', 'n_jobs_param', 'exp_id'}
2023-10-25 17:04:00,344:INFO:Checking environment
2023-10-25 17:04:00,344:INFO:python_version: 3.10.6
2023-10-25 17:04:00,344:INFO:python_build: ('tags/v3.10.6:9c7b4bd', 'Aug  1 2022 21:53:49')
2023-10-25 17:04:00,344:INFO:machine: AMD64
2023-10-25 17:04:00,357:INFO:platform: Windows-10-10.0.22000-SP0
2023-10-25 17:04:00,370:INFO:Memory: svmem(total=17018716160, available=8058753024, percent=52.6, used=8959963136, free=8058753024)
2023-10-25 17:04:00,370:INFO:Physical Core: 4
2023-10-25 17:04:00,370:INFO:Logical Core: 8
2023-10-25 17:04:00,370:INFO:Checking libraries
2023-10-25 17:04:00,370:INFO:System:
2023-10-25 17:04:00,370:INFO:    python: 3.10.6 (tags/v3.10.6:9c7b4bd, Aug  1 2022, 21:53:49) [MSC v.1932 64 bit (AMD64)]
2023-10-25 17:04:00,370:INFO:executable: C:\Users\XPS 9560\AppData\Local\Programs\Python\Python310\python.exe
2023-10-25 17:04:00,370:INFO:   machine: Windows-10-10.0.22000-SP0
2023-10-25 17:04:00,370:INFO:PyCaret required dependencies:
2023-10-25 17:04:00,462:INFO:                 pip: 22.2.1
2023-10-25 17:04:00,462:INFO:          setuptools: 63.2.0
2023-10-25 17:04:00,462:INFO:             pycaret: 3.1.0
2023-10-25 17:04:00,462:INFO:             IPython: 8.15.0
2023-10-25 17:04:00,462:INFO:          ipywidgets: 8.1.0
2023-10-25 17:04:00,462:INFO:                tqdm: 4.66.1
2023-10-25 17:04:00,462:INFO:               numpy: 1.23.5
2023-10-25 17:04:00,462:INFO:              pandas: 1.5.3
2023-10-25 17:04:00,463:INFO:              jinja2: 3.1.2
2023-10-25 17:04:00,463:INFO:               scipy: 1.10.1
2023-10-25 17:04:00,463:INFO:              joblib: 1.3.2
2023-10-25 17:04:00,463:INFO:             sklearn: 1.2.2
2023-10-25 17:04:00,463:INFO:                pyod: 1.1.0
2023-10-25 17:04:00,463:INFO:            imblearn: 0.11.0
2023-10-25 17:04:00,463:INFO:   category_encoders: 2.6.2
2023-10-25 17:04:00,463:INFO:            lightgbm: 4.1.0
2023-10-25 17:04:00,463:INFO:               numba: 0.57.1
2023-10-25 17:04:00,463:INFO:            requests: 2.31.0
2023-10-25 17:04:00,464:INFO:          matplotlib: 3.7.1
2023-10-25 17:04:00,464:INFO:          scikitplot: 0.3.7
2023-10-25 17:04:00,464:INFO:         yellowbrick: 1.5
2023-10-25 17:04:00,464:INFO:              plotly: 5.16.0
2023-10-25 17:04:00,464:INFO:    plotly-resampler: Not installed
2023-10-25 17:04:00,464:INFO:             kaleido: 0.2.1
2023-10-25 17:04:00,464:INFO:           schemdraw: 0.15
2023-10-25 17:04:00,464:INFO:         statsmodels: 0.14.0
2023-10-25 17:04:00,464:INFO:              sktime: 0.21.1
2023-10-25 17:04:00,464:INFO:               tbats: 1.1.3
2023-10-25 17:04:00,464:INFO:            pmdarima: 2.0.3
2023-10-25 17:04:00,464:INFO:              psutil: 5.9.5
2023-10-25 17:04:00,464:INFO:          markupsafe: 2.1.3
2023-10-25 17:04:00,464:INFO:             pickle5: Not installed
2023-10-25 17:04:00,464:INFO:         cloudpickle: 2.2.1
2023-10-25 17:04:00,464:INFO:         deprecation: 2.1.0
2023-10-25 17:04:00,464:INFO:              xxhash: 3.3.0
2023-10-25 17:04:00,465:INFO:           wurlitzer: Not installed
2023-10-25 17:04:00,465:INFO:PyCaret optional dependencies:
2023-10-25 17:04:00,476:INFO:                shap: Not installed
2023-10-25 17:04:00,476:INFO:           interpret: Not installed
2023-10-25 17:04:00,476:INFO:                umap: Not installed
2023-10-25 17:04:00,476:INFO:     ydata_profiling: Not installed
2023-10-25 17:04:00,477:INFO:  explainerdashboard: Not installed
2023-10-25 17:04:00,477:INFO:             autoviz: Not installed
2023-10-25 17:04:00,477:INFO:           fairlearn: Not installed
2023-10-25 17:04:00,477:INFO:          deepchecks: Not installed
2023-10-25 17:04:00,477:INFO:             xgboost: Not installed
2023-10-25 17:04:00,477:INFO:            catboost: Not installed
2023-10-25 17:04:00,477:INFO:              kmodes: Not installed
2023-10-25 17:04:00,477:INFO:             mlxtend: Not installed
2023-10-25 17:04:00,477:INFO:       statsforecast: Not installed
2023-10-25 17:04:00,477:INFO:        tune_sklearn: Not installed
2023-10-25 17:04:00,477:INFO:                 ray: Not installed
2023-10-25 17:04:00,477:INFO:            hyperopt: Not installed
2023-10-25 17:04:00,477:INFO:              optuna: Not installed
2023-10-25 17:04:00,477:INFO:               skopt: Not installed
2023-10-25 17:04:00,477:INFO:              mlflow: Not installed
2023-10-25 17:04:00,477:INFO:              gradio: Not installed
2023-10-25 17:04:00,477:INFO:             fastapi: Not installed
2023-10-25 17:04:00,477:INFO:             uvicorn: Not installed
2023-10-25 17:04:00,477:INFO:              m2cgen: Not installed
2023-10-25 17:04:00,477:INFO:           evidently: Not installed
2023-10-25 17:04:00,477:INFO:               fugue: Not installed
2023-10-25 17:04:00,477:INFO:           streamlit: 1.25.0
2023-10-25 17:04:00,477:INFO:             prophet: Not installed
2023-10-25 17:04:00,478:INFO:None
2023-10-25 17:04:00,478:INFO:Set up data.
2023-10-25 17:04:00,489:INFO:Set up folding strategy.
2023-10-25 17:04:00,489:INFO:Set up train/test split.
2023-10-25 17:04:00,497:INFO:Set up index.
2023-10-25 17:04:00,498:INFO:Assigning column types.
2023-10-25 17:04:00,502:INFO:Engine successfully changes for model 'lr' to 'sklearn'.
2023-10-25 17:04:00,552:INFO:Engine for model 'knn' has not been set explicitly, hence returning None.
2023-10-25 17:04:00,555:INFO:Engine for model 'rbfsvm' has not been set explicitly, hence returning None.
2023-10-25 17:04:00,596:WARNING:
'xgboost' is a soft dependency and not included in the pycaret installation. Please run: `pip install xgboost` to install.
Alternately, you can install this by running `pip install pycaret[models]`
2023-10-25 17:04:00,596:WARNING:
'catboost' is a soft dependency and not included in the pycaret installation. Please run: `pip install catboost` to install.
Alternately, you can install this by running `pip install pycaret[models]`
2023-10-25 17:04:00,644:INFO:Engine for model 'knn' has not been set explicitly, hence returning None.
2023-10-25 17:04:00,646:INFO:Engine for model 'rbfsvm' has not been set explicitly, hence returning None.
2023-10-25 17:04:00,676:WARNING:
'xgboost' is a soft dependency and not included in the pycaret installation. Please run: `pip install xgboost` to install.
Alternately, you can install this by running `pip install pycaret[models]`
2023-10-25 17:04:00,676:WARNING:
'catboost' is a soft dependency and not included in the pycaret installation. Please run: `pip install catboost` to install.
Alternately, you can install this by running `pip install pycaret[models]`
2023-10-25 17:04:00,676:INFO:Engine successfully changes for model 'knn' to 'sklearn'.
2023-10-25 17:04:00,727:INFO:Engine for model 'rbfsvm' has not been set explicitly, hence returning None.
2023-10-25 17:04:00,758:WARNING:
'xgboost' is a soft dependency and not included in the pycaret installation. Please run: `pip install xgboost` to install.
Alternately, you can install this by running `pip install pycaret[models]`
2023-10-25 17:04:00,759:WARNING:
'catboost' is a soft dependency and not included in the pycaret installation. Please run: `pip install catboost` to install.
Alternately, you can install this by running `pip install pycaret[models]`
2023-10-25 17:04:00,809:INFO:Engine for model 'rbfsvm' has not been set explicitly, hence returning None.
2023-10-25 17:04:00,837:WARNING:
'xgboost' is a soft dependency and not included in the pycaret installation. Please run: `pip install xgboost` to install.
Alternately, you can install this by running `pip install pycaret[models]`
2023-10-25 17:04:00,837:WARNING:
'catboost' is a soft dependency and not included in the pycaret installation. Please run: `pip install catboost` to install.
Alternately, you can install this by running `pip install pycaret[models]`
2023-10-25 17:04:00,837:INFO:Engine successfully changes for model 'rbfsvm' to 'sklearn'.
2023-10-25 17:04:00,897:WARNING:
'xgboost' is a soft dependency and not included in the pycaret installation. Please run: `pip install xgboost` to install.
Alternately, you can install this by running `pip install pycaret[models]`
2023-10-25 17:04:00,897:WARNING:
'catboost' is a soft dependency and not included in the pycaret installation. Please run: `pip install catboost` to install.
Alternately, you can install this by running `pip install pycaret[models]`
2023-10-25 17:04:00,975:WARNING:
'xgboost' is a soft dependency and not included in the pycaret installation. Please run: `pip install xgboost` to install.
Alternately, you can install this by running `pip install pycaret[models]`
2023-10-25 17:04:00,975:WARNING:
'catboost' is a soft dependency and not included in the pycaret installation. Please run: `pip install catboost` to install.
Alternately, you can install this by running `pip install pycaret[models]`
2023-10-25 17:04:00,976:INFO:Preparing preprocessing pipeline...
2023-10-25 17:04:00,976:INFO:Set up simple imputation.
2023-10-25 17:04:01,006:INFO:Finished creating preprocessing pipeline.
2023-10-25 17:04:01,006:INFO:Pipeline: Pipeline(memory=FastMemory(location=C:\Users\XPS956~1\AppData\Local\Temp\joblib),
         steps=[('numerical_imputer',
                 TransformerWrapper(exclude=None,
                                    include=['Gender_x', 'Age', 'Height',
                                             'Weight',
                                             'family_history_with_overweight',
                                             'FAVC', 'FCVC', 'NCP', 'CAEC',
                                             'SMOKE', 'CH2O', 'SCC', 'FAF',
                                             'TUE', 'CALC', 'MTRANS',
                                             'NObeyesdad'],
                                    transformer=SimpleImputer(add_indicator=Fa...
                                                              copy=True,
                                                              fill_value=None,
                                                              keep_empty_features=False,
                                                              missing_values=nan,
                                                              strategy='mean',
                                                              verbose='deprecated'))),
                ('categorical_imputer',
                 TransformerWrapper(exclude=None, include=[],
                                    transformer=SimpleImputer(add_indicator=False,
                                                              copy=True,
                                                              fill_value=None,
                                                              keep_empty_features=False,
                                                              missing_values=nan,
                                                              strategy='most_frequent',
                                                              verbose='deprecated')))],
         verbose=False)
2023-10-25 17:04:01,006:INFO:Creating final display dataframe.
2023-10-25 17:04:01,077:INFO:Setup _display_container:                     Description             Value
0                    Session id               123
1                        Target          Gender_y
2                   Target type            Binary
3           Original data shape        (2111, 18)
4        Transformed data shape        (2111, 18)
5   Transformed train set shape        (1477, 18)
6    Transformed test set shape         (634, 18)
7              Numeric features                17
8                    Preprocess              True
9               Imputation type            simple
10           Numeric imputation              mean
11       Categorical imputation              mode
12               Fold Generator   StratifiedKFold
13                  Fold Number                10
14                     CPU Jobs                -1
15                      Use GPU             False
16               Log Experiment             False
17              Experiment Name  clf-default-name
18                          USI              c328
2023-10-25 17:04:01,189:WARNING:
'xgboost' is a soft dependency and not included in the pycaret installation. Please run: `pip install xgboost` to install.
Alternately, you can install this by running `pip install pycaret[models]`
2023-10-25 17:04:01,189:WARNING:
'catboost' is a soft dependency and not included in the pycaret installation. Please run: `pip install catboost` to install.
Alternately, you can install this by running `pip install pycaret[models]`
2023-10-25 17:04:01,275:WARNING:
'xgboost' is a soft dependency and not included in the pycaret installation. Please run: `pip install xgboost` to install.
Alternately, you can install this by running `pip install pycaret[models]`
2023-10-25 17:04:01,276:WARNING:
'catboost' is a soft dependency and not included in the pycaret installation. Please run: `pip install catboost` to install.
Alternately, you can install this by running `pip install pycaret[models]`
2023-10-25 17:04:01,277:INFO:setup() successfully completed in 1.01s...............
2023-10-25 17:04:05,042:INFO:PyCaret ClassificationExperiment
2023-10-25 17:04:05,043:INFO:Logging name: clf-default-name
2023-10-25 17:04:05,043:INFO:ML Usecase: MLUsecase.CLASSIFICATION
2023-10-25 17:04:05,043:INFO:version 3.1.0
2023-10-25 17:04:05,043:INFO:Initializing setup()
2023-10-25 17:04:05,043:INFO:self.USI: 7963
2023-10-25 17:04:05,043:INFO:self._variable_keys: {'fold_generator', 'fold_groups_param', 'is_multiclass', 'exp_name_log', 'seed', 'gpu_n_jobs_param', 'gpu_param', 'X', 'USI', 'idx', 'fix_imbalance', 'pipeline', 'X_test', '_available_plots', 'X_train', 'y_train', 'target_param', 'html_param', 'logging_param', '_ml_usecase', 'y', 'data', 'fold_shuffle_param', 'log_plots_param', 'y_test', 'memory', 'n_jobs_param', 'exp_id'}
2023-10-25 17:04:05,043:INFO:Checking environment
2023-10-25 17:04:05,043:INFO:python_version: 3.10.6
2023-10-25 17:04:05,043:INFO:python_build: ('tags/v3.10.6:9c7b4bd', 'Aug  1 2022 21:53:49')
2023-10-25 17:04:05,043:INFO:machine: AMD64
2023-10-25 17:04:05,043:INFO:platform: Windows-10-10.0.22000-SP0
2023-10-25 17:04:05,047:INFO:Memory: svmem(total=17018716160, available=8065355776, percent=52.6, used=8953360384, free=8065355776)
2023-10-25 17:04:05,047:INFO:Physical Core: 4
2023-10-25 17:04:05,047:INFO:Logical Core: 8
2023-10-25 17:04:05,047:INFO:Checking libraries
2023-10-25 17:04:05,047:INFO:System:
2023-10-25 17:04:05,047:INFO:    python: 3.10.6 (tags/v3.10.6:9c7b4bd, Aug  1 2022, 21:53:49) [MSC v.1932 64 bit (AMD64)]
2023-10-25 17:04:05,047:INFO:executable: C:\Users\XPS 9560\AppData\Local\Programs\Python\Python310\python.exe
2023-10-25 17:04:05,047:INFO:   machine: Windows-10-10.0.22000-SP0
2023-10-25 17:04:05,047:INFO:PyCaret required dependencies:
2023-10-25 17:04:05,047:INFO:                 pip: 22.2.1
2023-10-25 17:04:05,047:INFO:          setuptools: 63.2.0
2023-10-25 17:04:05,048:INFO:             pycaret: 3.1.0
2023-10-25 17:04:05,048:INFO:             IPython: 8.15.0
2023-10-25 17:04:05,048:INFO:          ipywidgets: 8.1.0
2023-10-25 17:04:05,048:INFO:                tqdm: 4.66.1
2023-10-25 17:04:05,048:INFO:               numpy: 1.23.5
2023-10-25 17:04:05,048:INFO:              pandas: 1.5.3
2023-10-25 17:04:05,048:INFO:              jinja2: 3.1.2
2023-10-25 17:04:05,048:INFO:               scipy: 1.10.1
2023-10-25 17:04:05,048:INFO:              joblib: 1.3.2
2023-10-25 17:04:05,048:INFO:             sklearn: 1.2.2
2023-10-25 17:04:05,048:INFO:                pyod: 1.1.0
2023-10-25 17:04:05,048:INFO:            imblearn: 0.11.0
2023-10-25 17:04:05,048:INFO:   category_encoders: 2.6.2
2023-10-25 17:04:05,048:INFO:            lightgbm: 4.1.0
2023-10-25 17:04:05,048:INFO:               numba: 0.57.1
2023-10-25 17:04:05,048:INFO:            requests: 2.31.0
2023-10-25 17:04:05,048:INFO:          matplotlib: 3.7.1
2023-10-25 17:04:05,048:INFO:          scikitplot: 0.3.7
2023-10-25 17:04:05,048:INFO:         yellowbrick: 1.5
2023-10-25 17:04:05,048:INFO:              plotly: 5.16.0
2023-10-25 17:04:05,048:INFO:    plotly-resampler: Not installed
2023-10-25 17:04:05,048:INFO:             kaleido: 0.2.1
2023-10-25 17:04:05,048:INFO:           schemdraw: 0.15
2023-10-25 17:04:05,049:INFO:         statsmodels: 0.14.0
2023-10-25 17:04:05,049:INFO:              sktime: 0.21.1
2023-10-25 17:04:05,049:INFO:               tbats: 1.1.3
2023-10-25 17:04:05,049:INFO:            pmdarima: 2.0.3
2023-10-25 17:04:05,049:INFO:              psutil: 5.9.5
2023-10-25 17:04:05,049:INFO:          markupsafe: 2.1.3
2023-10-25 17:04:05,049:INFO:             pickle5: Not installed
2023-10-25 17:04:05,050:INFO:         cloudpickle: 2.2.1
2023-10-25 17:04:05,050:INFO:         deprecation: 2.1.0
2023-10-25 17:04:05,050:INFO:              xxhash: 3.3.0
2023-10-25 17:04:05,050:INFO:           wurlitzer: Not installed
2023-10-25 17:04:05,050:INFO:PyCaret optional dependencies:
2023-10-25 17:04:05,050:INFO:                shap: Not installed
2023-10-25 17:04:05,050:INFO:           interpret: Not installed
2023-10-25 17:04:05,050:INFO:                umap: Not installed
2023-10-25 17:04:05,050:INFO:     ydata_profiling: Not installed
2023-10-25 17:04:05,050:INFO:  explainerdashboard: Not installed
2023-10-25 17:04:05,050:INFO:             autoviz: Not installed
2023-10-25 17:04:05,050:INFO:           fairlearn: Not installed
2023-10-25 17:04:05,050:INFO:          deepchecks: Not installed
2023-10-25 17:04:05,050:INFO:             xgboost: Not installed
2023-10-25 17:04:05,051:INFO:            catboost: Not installed
2023-10-25 17:04:05,051:INFO:              kmodes: Not installed
2023-10-25 17:04:05,051:INFO:             mlxtend: Not installed
2023-10-25 17:04:05,051:INFO:       statsforecast: Not installed
2023-10-25 17:04:05,051:INFO:        tune_sklearn: Not installed
2023-10-25 17:04:05,051:INFO:                 ray: Not installed
2023-10-25 17:04:05,051:INFO:            hyperopt: Not installed
2023-10-25 17:04:05,051:INFO:              optuna: Not installed
2023-10-25 17:04:05,051:INFO:               skopt: Not installed
2023-10-25 17:04:05,051:INFO:              mlflow: Not installed
2023-10-25 17:04:05,051:INFO:              gradio: Not installed
2023-10-25 17:04:05,051:INFO:             fastapi: Not installed
2023-10-25 17:04:05,051:INFO:             uvicorn: Not installed
2023-10-25 17:04:05,051:INFO:              m2cgen: Not installed
2023-10-25 17:04:05,051:INFO:           evidently: Not installed
2023-10-25 17:04:05,051:INFO:               fugue: Not installed
2023-10-25 17:04:05,051:INFO:           streamlit: 1.25.0
2023-10-25 17:04:05,051:INFO:             prophet: Not installed
2023-10-25 17:04:05,051:INFO:None
2023-10-25 17:04:05,052:INFO:Set up data.
2023-10-25 17:04:05,059:INFO:Set up folding strategy.
2023-10-25 17:04:05,060:INFO:Set up train/test split.
2023-10-25 17:04:05,065:INFO:Set up index.
2023-10-25 17:04:05,065:INFO:Assigning column types.
2023-10-25 17:04:05,071:INFO:Engine successfully changes for model 'lr' to 'sklearn'.
2023-10-25 17:04:05,136:INFO:Engine for model 'knn' has not been set explicitly, hence returning None.
2023-10-25 17:04:05,136:INFO:Engine for model 'rbfsvm' has not been set explicitly, hence returning None.
2023-10-25 17:04:05,170:WARNING:
'xgboost' is a soft dependency and not included in the pycaret installation. Please run: `pip install xgboost` to install.
Alternately, you can install this by running `pip install pycaret[models]`
2023-10-25 17:04:05,170:WARNING:
'catboost' is a soft dependency and not included in the pycaret installation. Please run: `pip install catboost` to install.
Alternately, you can install this by running `pip install pycaret[models]`
2023-10-25 17:04:05,218:INFO:Engine for model 'knn' has not been set explicitly, hence returning None.
2023-10-25 17:04:05,218:INFO:Engine for model 'rbfsvm' has not been set explicitly, hence returning None.
2023-10-25 17:04:05,256:WARNING:
'xgboost' is a soft dependency and not included in the pycaret installation. Please run: `pip install xgboost` to install.
Alternately, you can install this by running `pip install pycaret[models]`
2023-10-25 17:04:05,257:WARNING:
'catboost' is a soft dependency and not included in the pycaret installation. Please run: `pip install catboost` to install.
Alternately, you can install this by running `pip install pycaret[models]`
2023-10-25 17:04:05,257:INFO:Engine successfully changes for model 'knn' to 'sklearn'.
2023-10-25 17:04:05,298:INFO:Engine for model 'rbfsvm' has not been set explicitly, hence returning None.
2023-10-25 17:04:05,314:WARNING:
'xgboost' is a soft dependency and not included in the pycaret installation. Please run: `pip install xgboost` to install.
Alternately, you can install this by running `pip install pycaret[models]`
2023-10-25 17:04:05,314:WARNING:
'catboost' is a soft dependency and not included in the pycaret installation. Please run: `pip install catboost` to install.
Alternately, you can install this by running `pip install pycaret[models]`
2023-10-25 17:04:05,361:INFO:Engine for model 'rbfsvm' has not been set explicitly, hence returning None.
2023-10-25 17:04:05,393:WARNING:
'xgboost' is a soft dependency and not included in the pycaret installation. Please run: `pip install xgboost` to install.
Alternately, you can install this by running `pip install pycaret[models]`
2023-10-25 17:04:05,393:WARNING:
'catboost' is a soft dependency and not included in the pycaret installation. Please run: `pip install catboost` to install.
Alternately, you can install this by running `pip install pycaret[models]`
2023-10-25 17:04:05,393:INFO:Engine successfully changes for model 'rbfsvm' to 'sklearn'.
2023-10-25 17:04:05,467:WARNING:
'xgboost' is a soft dependency and not included in the pycaret installation. Please run: `pip install xgboost` to install.
Alternately, you can install this by running `pip install pycaret[models]`
2023-10-25 17:04:05,467:WARNING:
'catboost' is a soft dependency and not included in the pycaret installation. Please run: `pip install catboost` to install.
Alternately, you can install this by running `pip install pycaret[models]`
2023-10-25 17:04:05,567:WARNING:
'xgboost' is a soft dependency and not included in the pycaret installation. Please run: `pip install xgboost` to install.
Alternately, you can install this by running `pip install pycaret[models]`
2023-10-25 17:04:05,567:WARNING:
'catboost' is a soft dependency and not included in the pycaret installation. Please run: `pip install catboost` to install.
Alternately, you can install this by running `pip install pycaret[models]`
2023-10-25 17:04:05,567:INFO:Preparing preprocessing pipeline...
2023-10-25 17:04:05,567:INFO:Set up simple imputation.
2023-10-25 17:04:05,600:INFO:Finished creating preprocessing pipeline.
2023-10-25 17:04:05,618:INFO:Pipeline: Pipeline(memory=FastMemory(location=C:\Users\XPS956~1\AppData\Local\Temp\joblib),
         steps=[('numerical_imputer',
                 TransformerWrapper(exclude=None,
                                    include=['Gender_x', 'Age', 'Height',
                                             'Weight',
                                             'family_history_with_overweight',
                                             'FAVC', 'FCVC', 'NCP', 'CAEC',
                                             'SMOKE', 'CH2O', 'SCC', 'FAF',
                                             'TUE', 'CALC', 'MTRANS',
                                             'NObeyesdad'],
                                    transformer=SimpleImputer(add_indicator=Fa...
                                                              copy=True,
                                                              fill_value=None,
                                                              keep_empty_features=False,
                                                              missing_values=nan,
                                                              strategy='mean',
                                                              verbose='deprecated'))),
                ('categorical_imputer',
                 TransformerWrapper(exclude=None, include=[],
                                    transformer=SimpleImputer(add_indicator=False,
                                                              copy=True,
                                                              fill_value=None,
                                                              keep_empty_features=False,
                                                              missing_values=nan,
                                                              strategy='most_frequent',
                                                              verbose='deprecated')))],
         verbose=False)
2023-10-25 17:04:05,618:INFO:Creating final display dataframe.
2023-10-25 17:04:05,688:INFO:Setup _display_container:                     Description             Value
0                    Session id               123
1                        Target          Gender_y
2                   Target type            Binary
3           Original data shape        (2111, 18)
4        Transformed data shape        (2111, 18)
5   Transformed train set shape        (1477, 18)
6    Transformed test set shape         (634, 18)
7              Numeric features                17
8                    Preprocess              True
9               Imputation type            simple
10           Numeric imputation              mean
11       Categorical imputation              mode
12               Fold Generator   StratifiedKFold
13                  Fold Number                10
14                     CPU Jobs                -1
15                      Use GPU             False
16               Log Experiment             False
17              Experiment Name  clf-default-name
18                          USI              7963
2023-10-25 17:04:05,851:WARNING:
'xgboost' is a soft dependency and not included in the pycaret installation. Please run: `pip install xgboost` to install.
Alternately, you can install this by running `pip install pycaret[models]`
2023-10-25 17:04:05,851:WARNING:
'catboost' is a soft dependency and not included in the pycaret installation. Please run: `pip install catboost` to install.
Alternately, you can install this by running `pip install pycaret[models]`
2023-10-25 17:04:06,006:WARNING:
'xgboost' is a soft dependency and not included in the pycaret installation. Please run: `pip install xgboost` to install.
Alternately, you can install this by running `pip install pycaret[models]`
2023-10-25 17:04:06,006:WARNING:
'catboost' is a soft dependency and not included in the pycaret installation. Please run: `pip install catboost` to install.
Alternately, you can install this by running `pip install pycaret[models]`
2023-10-25 17:04:06,009:INFO:setup() successfully completed in 1.07s...............
2023-10-25 17:04:06,027:INFO:Initializing compare_models()
2023-10-25 17:04:06,028:INFO:compare_models(self=<pycaret.classification.oop.ClassificationExperiment object at 0x000001AAD4DE5AB0>, include=['lr'], fold=None, round=4, cross_validation=True, sort=Accuracy, n_select=1, budget_time=None, turbo=True, errors=ignore, fit_kwargs=None, groups=None, experiment_custom_tags=None, probability_threshold=None, verbose=True, parallel=None, caller_params={'self': <pycaret.classification.oop.ClassificationExperiment object at 0x000001AAD4DE5AB0>, 'include': ['lr'], 'exclude': None, 'fold': None, 'round': 4, 'cross_validation': True, 'sort': 'Accuracy', 'n_select': 1, 'budget_time': None, 'turbo': True, 'errors': 'ignore', 'fit_kwargs': None, 'groups': None, 'experiment_custom_tags': None, 'probability_threshold': None, 'engine': None, 'verbose': True, 'parallel': None, '__class__': <class 'pycaret.classification.oop.ClassificationExperiment'>}, exclude=None)
2023-10-25 17:04:06,028:INFO:Checking exceptions
2023-10-25 17:04:06,059:INFO:Preparing display monitor
2023-10-25 17:04:06,081:INFO:Initializing Logistic Regression
2023-10-25 17:04:06,081:INFO:Total runtime is 0.0 minutes
2023-10-25 17:04:06,081:INFO:SubProcess create_model() called ==================================
2023-10-25 17:04:06,082:INFO:Initializing create_model()
2023-10-25 17:04:06,082:INFO:create_model(self=<pycaret.classification.oop.ClassificationExperiment object at 0x000001AAD4DE5AB0>, estimator=lr, fold=StratifiedKFold(n_splits=10, random_state=None, shuffle=False), round=4, cross_validation=True, predict=True, fit_kwargs={}, groups=None, refit=False, probability_threshold=None, experiment_custom_tags=None, verbose=False, system=False, add_to_model_list=True, metrics=None, display=<pycaret.internal.display.display.CommonDisplay object at 0x000001AAD4D58F10>, model_only=True, return_train_score=False, kwargs={})
2023-10-25 17:04:06,082:INFO:Checking exceptions
2023-10-25 17:04:06,082:INFO:Importing libraries
2023-10-25 17:04:06,082:INFO:Copying training dataset
2023-10-25 17:04:06,096:INFO:Defining folds
2023-10-25 17:04:06,097:INFO:Declaring metric variables
2023-10-25 17:04:06,097:INFO:Importing untrained model
2023-10-25 17:04:06,097:INFO:Logistic Regression Imported successfully
2023-10-25 17:04:06,098:INFO:Starting cross validation
2023-10-25 17:04:06,114:INFO:Cross validating with StratifiedKFold(n_splits=10, random_state=None, shuffle=False), n_jobs=-1
2023-10-25 17:04:11,372:INFO:Calculating mean and std
2023-10-25 17:04:11,372:INFO:Creating metrics dataframe
2023-10-25 17:04:11,372:INFO:Uploading results into container
2023-10-25 17:04:11,372:INFO:Uploading model into container now
2023-10-25 17:04:11,372:INFO:_master_model_container: 1
2023-10-25 17:04:11,372:INFO:_display_container: 2
2023-10-25 17:04:11,372:INFO:LogisticRegression(C=1.0, class_weight=None, dual=False, fit_intercept=True,
                   intercept_scaling=1, l1_ratio=None, max_iter=1000,
                   multi_class='auto', n_jobs=None, penalty='l2',
                   random_state=123, solver='lbfgs', tol=0.0001, verbose=0,
                   warm_start=False)
2023-10-25 17:04:11,372:INFO:create_model() successfully completed......................................
2023-10-25 17:04:11,448:INFO:SubProcess create_model() end ==================================
2023-10-25 17:04:11,449:INFO:Creating metrics dataframe
2023-10-25 17:04:11,456:INFO:Initializing create_model()
2023-10-25 17:04:11,456:INFO:create_model(self=<pycaret.classification.oop.ClassificationExperiment object at 0x000001AAD4DE5AB0>, estimator=LogisticRegression(C=1.0, class_weight=None, dual=False, fit_intercept=True,
                   intercept_scaling=1, l1_ratio=None, max_iter=1000,
                   multi_class='auto', n_jobs=None, penalty='l2',
                   random_state=123, solver='lbfgs', tol=0.0001, verbose=0,
                   warm_start=False), fold=StratifiedKFold(n_splits=10, random_state=None, shuffle=False), round=4, cross_validation=False, predict=False, fit_kwargs={}, groups=None, refit=True, probability_threshold=None, experiment_custom_tags=None, verbose=False, system=False, add_to_model_list=True, metrics=None, display=None, model_only=True, return_train_score=False, kwargs={})
2023-10-25 17:04:11,456:INFO:Checking exceptions
2023-10-25 17:04:11,457:INFO:Importing libraries
2023-10-25 17:04:11,457:INFO:Copying training dataset
2023-10-25 17:04:11,460:INFO:Defining folds
2023-10-25 17:04:11,460:INFO:Declaring metric variables
2023-10-25 17:04:11,461:INFO:Importing untrained model
2023-10-25 17:04:11,461:INFO:Declaring custom model
2023-10-25 17:04:11,461:INFO:Logistic Regression Imported successfully
2023-10-25 17:04:11,462:INFO:Cross validation set to False
2023-10-25 17:04:11,462:INFO:Fitting Model
2023-10-25 17:04:11,643:INFO:LogisticRegression(C=1.0, class_weight=None, dual=False, fit_intercept=True,
                   intercept_scaling=1, l1_ratio=None, max_iter=1000,
                   multi_class='auto', n_jobs=None, penalty='l2',
                   random_state=123, solver='lbfgs', tol=0.0001, verbose=0,
                   warm_start=False)
2023-10-25 17:04:11,643:INFO:create_model() successfully completed......................................
2023-10-25 17:04:11,709:INFO:_master_model_container: 1
2023-10-25 17:04:11,709:INFO:_display_container: 2
2023-10-25 17:04:11,709:INFO:LogisticRegression(C=1.0, class_weight=None, dual=False, fit_intercept=True,
                   intercept_scaling=1, l1_ratio=None, max_iter=1000,
                   multi_class='auto', n_jobs=None, penalty='l2',
                   random_state=123, solver='lbfgs', tol=0.0001, verbose=0,
                   warm_start=False)
2023-10-25 17:04:11,709:INFO:compare_models() successfully completed......................................
2023-10-25 17:04:11,717:INFO:Initializing create_model()
2023-10-25 17:04:11,717:INFO:create_model(self=<pycaret.classification.oop.ClassificationExperiment object at 0x000001AAD4DE5AB0>, estimator=LogisticRegression(C=1.0, class_weight=None, dual=False, fit_intercept=True,
                   intercept_scaling=1, l1_ratio=None, max_iter=1000,
                   multi_class='auto', n_jobs=None, penalty='l2',
                   random_state=123, solver='lbfgs', tol=0.0001, verbose=0,
                   warm_start=False), fold=None, round=4, cross_validation=True, predict=True, fit_kwargs=None, groups=None, refit=True, probability_threshold=None, experiment_custom_tags=None, verbose=True, system=True, add_to_model_list=True, metrics=None, display=None, model_only=True, return_train_score=False, kwargs={})
2023-10-25 17:04:11,717:INFO:Checking exceptions
2023-10-25 17:04:11,720:INFO:Importing libraries
2023-10-25 17:04:11,720:INFO:Copying training dataset
2023-10-25 17:04:11,723:INFO:Defining folds
2023-10-25 17:04:11,723:INFO:Declaring metric variables
2023-10-25 17:04:11,724:INFO:Importing untrained model
2023-10-25 17:04:11,724:INFO:Declaring custom model
2023-10-25 17:04:11,724:INFO:Logistic Regression Imported successfully
2023-10-25 17:04:11,724:INFO:Starting cross validation
2023-10-25 17:04:11,725:INFO:Cross validating with StratifiedKFold(n_splits=10, random_state=None, shuffle=False), n_jobs=-1
2023-10-25 17:04:12,144:INFO:Calculating mean and std
2023-10-25 17:04:12,144:INFO:Creating metrics dataframe
2023-10-25 17:04:12,144:INFO:Finalizing model
2023-10-25 17:04:12,327:INFO:Uploading results into container
2023-10-25 17:04:12,327:INFO:Uploading model into container now
2023-10-25 17:04:12,342:INFO:_master_model_container: 2
2023-10-25 17:04:12,342:INFO:_display_container: 3
2023-10-25 17:04:12,342:INFO:LogisticRegression(C=1.0, class_weight=None, dual=False, fit_intercept=True,
                   intercept_scaling=1, l1_ratio=None, max_iter=1000,
                   multi_class='auto', n_jobs=None, penalty='l2',
                   random_state=123, solver='lbfgs', tol=0.0001, verbose=0,
                   warm_start=False)
2023-10-25 17:04:12,342:INFO:create_model() successfully completed......................................
2023-10-25 17:04:12,429:INFO:Initializing predict_model()
2023-10-25 17:04:12,429:INFO:predict_model(self=<pycaret.classification.oop.ClassificationExperiment object at 0x000001AAD4DE5AB0>, estimator=LogisticRegression(C=1.0, class_weight=None, dual=False, fit_intercept=True,
                   intercept_scaling=1, l1_ratio=None, max_iter=1000,
                   multi_class='auto', n_jobs=None, penalty='l2',
                   random_state=123, solver='lbfgs', tol=0.0001, verbose=0,
                   warm_start=False), probability_threshold=None, encoded_labels=False, raw_score=False, round=4, verbose=True, ml_usecase=None, preprocess=True, encode_labels=<function _SupervisedExperiment.predict_model.<locals>.encode_labels at 0x000001AAC06F7130>)
2023-10-25 17:04:12,429:INFO:Checking exceptions
2023-10-25 17:04:12,429:INFO:Preloading libraries
2023-10-25 17:04:12,661:INFO:Initializing save_model()
2023-10-25 17:04:12,661:INFO:save_model(model=LogisticRegression(C=1.0, class_weight=None, dual=False, fit_intercept=True,
                   intercept_scaling=1, l1_ratio=None, max_iter=1000,
                   multi_class='auto', n_jobs=None, penalty='l2',
                   random_state=123, solver='lbfgs', tol=0.0001, verbose=0,
                   warm_start=False), model_name=my_best model, prep_pipe_=Pipeline(memory=FastMemory(location=C:\Users\XPS956~1\AppData\Local\Temp\joblib),
         steps=[('numerical_imputer',
                 TransformerWrapper(exclude=None,
                                    include=['Gender_x', 'Age', 'Height',
                                             'Weight',
                                             'family_history_with_overweight',
                                             'FAVC', 'FCVC', 'NCP', 'CAEC',
                                             'SMOKE', 'CH2O', 'SCC', 'FAF',
                                             'TUE', 'CALC', 'MTRANS',
                                             'NObeyesdad'],
                                    transformer=SimpleImputer(add_indicator=Fa...
                                                              copy=True,
                                                              fill_value=None,
                                                              keep_empty_features=False,
                                                              missing_values=nan,
                                                              strategy='mean',
                                                              verbose='deprecated'))),
                ('categorical_imputer',
                 TransformerWrapper(exclude=None, include=[],
                                    transformer=SimpleImputer(add_indicator=False,
                                                              copy=True,
                                                              fill_value=None,
                                                              keep_empty_features=False,
                                                              missing_values=nan,
                                                              strategy='most_frequent',
                                                              verbose='deprecated')))],
         verbose=False), verbose=True, use_case=MLUsecase.CLASSIFICATION, kwargs={})
2023-10-25 17:04:12,662:INFO:Adding model into prep_pipe
2023-10-25 17:04:12,670:INFO:my_best model.pkl saved in current working directory
2023-10-25 17:04:12,679:INFO:Pipeline(memory=Memory(location=None),
         steps=[('numerical_imputer',
                 TransformerWrapper(exclude=None,
                                    include=['Gender_x', 'Age', 'Height',
                                             'Weight',
                                             'family_history_with_overweight',
                                             'FAVC', 'FCVC', 'NCP', 'CAEC',
                                             'SMOKE', 'CH2O', 'SCC', 'FAF',
                                             'TUE', 'CALC', 'MTRANS',
                                             'NObeyesdad'],
                                    transformer=SimpleImputer(add_indicator=False,
                                                              copy=True,
                                                              fill_value=None,
                                                              keep_empty_fe...
                                                              keep_empty_features=False,
                                                              missing_values=nan,
                                                              strategy='most_frequent',
                                                              verbose='deprecated'))),
                ('trained_model',
                 LogisticRegression(C=1.0, class_weight=None, dual=False,
                                    fit_intercept=True, intercept_scaling=1,
                                    l1_ratio=None, max_iter=1000,
                                    multi_class='auto', n_jobs=None,
                                    penalty='l2', random_state=123,
                                    solver='lbfgs', tol=0.0001, verbose=0,
                                    warm_start=False))],
         verbose=False)
2023-10-25 17:04:12,679:INFO:save_model() successfully completed......................................
2023-10-25 17:04:23,147:INFO:PyCaret ClassificationExperiment
2023-10-25 17:04:23,147:INFO:Logging name: clf-default-name
2023-10-25 17:04:23,147:INFO:ML Usecase: MLUsecase.CLASSIFICATION
2023-10-25 17:04:23,147:INFO:version 3.1.0
2023-10-25 17:04:23,147:INFO:Initializing setup()
2023-10-25 17:04:23,148:INFO:self.USI: c45f
2023-10-25 17:04:23,148:INFO:self._variable_keys: {'fold_generator', 'fold_groups_param', 'is_multiclass', 'exp_name_log', 'seed', 'gpu_n_jobs_param', 'gpu_param', 'X', 'USI', 'idx', 'fix_imbalance', 'pipeline', 'X_test', '_available_plots', 'X_train', 'y_train', 'target_param', 'html_param', 'logging_param', '_ml_usecase', 'y', 'data', 'fold_shuffle_param', 'log_plots_param', 'y_test', 'memory', 'n_jobs_param', 'exp_id'}
2023-10-25 17:04:23,148:INFO:Checking environment
2023-10-25 17:04:23,148:INFO:python_version: 3.10.6
2023-10-25 17:04:23,148:INFO:python_build: ('tags/v3.10.6:9c7b4bd', 'Aug  1 2022 21:53:49')
2023-10-25 17:04:23,148:INFO:machine: AMD64
2023-10-25 17:04:23,148:INFO:platform: Windows-10-10.0.22000-SP0
2023-10-25 17:04:23,151:INFO:Memory: svmem(total=17018716160, available=7092514816, percent=58.3, used=9926201344, free=7092514816)
2023-10-25 17:04:23,152:INFO:Physical Core: 4
2023-10-25 17:04:23,152:INFO:Logical Core: 8
2023-10-25 17:04:23,152:INFO:Checking libraries
2023-10-25 17:04:23,152:INFO:System:
2023-10-25 17:04:23,152:INFO:    python: 3.10.6 (tags/v3.10.6:9c7b4bd, Aug  1 2022, 21:53:49) [MSC v.1932 64 bit (AMD64)]
2023-10-25 17:04:23,152:INFO:executable: C:\Users\XPS 9560\AppData\Local\Programs\Python\Python310\python.exe
2023-10-25 17:04:23,152:INFO:   machine: Windows-10-10.0.22000-SP0
2023-10-25 17:04:23,152:INFO:PyCaret required dependencies:
2023-10-25 17:04:23,152:INFO:                 pip: 22.2.1
2023-10-25 17:04:23,152:INFO:          setuptools: 63.2.0
2023-10-25 17:04:23,152:INFO:             pycaret: 3.1.0
2023-10-25 17:04:23,152:INFO:             IPython: 8.15.0
2023-10-25 17:04:23,152:INFO:          ipywidgets: 8.1.0
2023-10-25 17:04:23,152:INFO:                tqdm: 4.66.1
2023-10-25 17:04:23,152:INFO:               numpy: 1.23.5
2023-10-25 17:04:23,152:INFO:              pandas: 1.5.3
2023-10-25 17:04:23,152:INFO:              jinja2: 3.1.2
2023-10-25 17:04:23,153:INFO:               scipy: 1.10.1
2023-10-25 17:04:23,153:INFO:              joblib: 1.3.2
2023-10-25 17:04:23,153:INFO:             sklearn: 1.2.2
2023-10-25 17:04:23,153:INFO:                pyod: 1.1.0
2023-10-25 17:04:23,153:INFO:            imblearn: 0.11.0
2023-10-25 17:04:23,153:INFO:   category_encoders: 2.6.2
2023-10-25 17:04:23,153:INFO:            lightgbm: 4.1.0
2023-10-25 17:04:23,153:INFO:               numba: 0.57.1
2023-10-25 17:04:23,153:INFO:            requests: 2.31.0
2023-10-25 17:04:23,153:INFO:          matplotlib: 3.7.1
2023-10-25 17:04:23,153:INFO:          scikitplot: 0.3.7
2023-10-25 17:04:23,153:INFO:         yellowbrick: 1.5
2023-10-25 17:04:23,153:INFO:              plotly: 5.16.0
2023-10-25 17:04:23,153:INFO:    plotly-resampler: Not installed
2023-10-25 17:04:23,153:INFO:             kaleido: 0.2.1
2023-10-25 17:04:23,153:INFO:           schemdraw: 0.15
2023-10-25 17:04:23,153:INFO:         statsmodels: 0.14.0
2023-10-25 17:04:23,153:INFO:              sktime: 0.21.1
2023-10-25 17:04:23,153:INFO:               tbats: 1.1.3
2023-10-25 17:04:23,153:INFO:            pmdarima: 2.0.3
2023-10-25 17:04:23,153:INFO:              psutil: 5.9.5
2023-10-25 17:04:23,153:INFO:          markupsafe: 2.1.3
2023-10-25 17:04:23,154:INFO:             pickle5: Not installed
2023-10-25 17:04:23,154:INFO:         cloudpickle: 2.2.1
2023-10-25 17:04:23,154:INFO:         deprecation: 2.1.0
2023-10-25 17:04:23,154:INFO:              xxhash: 3.3.0
2023-10-25 17:04:23,154:INFO:           wurlitzer: Not installed
2023-10-25 17:04:23,154:INFO:PyCaret optional dependencies:
2023-10-25 17:04:23,154:INFO:                shap: Not installed
2023-10-25 17:04:23,154:INFO:           interpret: Not installed
2023-10-25 17:04:23,154:INFO:                umap: Not installed
2023-10-25 17:04:23,154:INFO:     ydata_profiling: Not installed
2023-10-25 17:04:23,154:INFO:  explainerdashboard: Not installed
2023-10-25 17:04:23,154:INFO:             autoviz: Not installed
2023-10-25 17:04:23,154:INFO:           fairlearn: Not installed
2023-10-25 17:04:23,154:INFO:          deepchecks: Not installed
2023-10-25 17:04:23,154:INFO:             xgboost: Not installed
2023-10-25 17:04:23,154:INFO:            catboost: Not installed
2023-10-25 17:04:23,154:INFO:              kmodes: Not installed
2023-10-25 17:04:23,154:INFO:             mlxtend: Not installed
2023-10-25 17:04:23,154:INFO:       statsforecast: Not installed
2023-10-25 17:04:23,154:INFO:        tune_sklearn: Not installed
2023-10-25 17:04:23,154:INFO:                 ray: Not installed
2023-10-25 17:04:23,154:INFO:            hyperopt: Not installed
2023-10-25 17:04:23,154:INFO:              optuna: Not installed
2023-10-25 17:04:23,155:INFO:               skopt: Not installed
2023-10-25 17:04:23,155:INFO:              mlflow: Not installed
2023-10-25 17:04:23,155:INFO:              gradio: Not installed
2023-10-25 17:04:23,155:INFO:             fastapi: Not installed
2023-10-25 17:04:23,155:INFO:             uvicorn: Not installed
2023-10-25 17:04:23,155:INFO:              m2cgen: Not installed
2023-10-25 17:04:23,155:INFO:           evidently: Not installed
2023-10-25 17:04:23,155:INFO:               fugue: Not installed
2023-10-25 17:04:23,155:INFO:           streamlit: 1.25.0
2023-10-25 17:04:23,155:INFO:             prophet: Not installed
2023-10-25 17:04:23,155:INFO:None
2023-10-25 17:04:23,155:INFO:Set up data.
2023-10-25 17:04:23,164:INFO:Set up folding strategy.
2023-10-25 17:04:23,165:INFO:Set up train/test split.
2023-10-25 17:04:23,173:INFO:Set up index.
2023-10-25 17:04:23,173:INFO:Assigning column types.
2023-10-25 17:04:23,183:INFO:Engine successfully changes for model 'lr' to 'sklearn'.
2023-10-25 17:04:23,275:INFO:Engine for model 'knn' has not been set explicitly, hence returning None.
2023-10-25 17:04:23,276:INFO:Engine for model 'rbfsvm' has not been set explicitly, hence returning None.
2023-10-25 17:04:23,336:WARNING:
'xgboost' is a soft dependency and not included in the pycaret installation. Please run: `pip install xgboost` to install.
Alternately, you can install this by running `pip install pycaret[models]`
2023-10-25 17:04:23,336:WARNING:
'catboost' is a soft dependency and not included in the pycaret installation. Please run: `pip install catboost` to install.
Alternately, you can install this by running `pip install pycaret[models]`
2023-10-25 17:04:23,401:INFO:Engine for model 'knn' has not been set explicitly, hence returning None.
2023-10-25 17:04:23,401:INFO:Engine for model 'rbfsvm' has not been set explicitly, hence returning None.
2023-10-25 17:04:23,440:WARNING:
'xgboost' is a soft dependency and not included in the pycaret installation. Please run: `pip install xgboost` to install.
Alternately, you can install this by running `pip install pycaret[models]`
2023-10-25 17:04:23,441:WARNING:
'catboost' is a soft dependency and not included in the pycaret installation. Please run: `pip install catboost` to install.
Alternately, you can install this by running `pip install pycaret[models]`
2023-10-25 17:04:23,441:INFO:Engine successfully changes for model 'knn' to 'sklearn'.
2023-10-25 17:04:23,481:INFO:Engine for model 'rbfsvm' has not been set explicitly, hence returning None.
2023-10-25 17:04:23,512:WARNING:
'xgboost' is a soft dependency and not included in the pycaret installation. Please run: `pip install xgboost` to install.
Alternately, you can install this by running `pip install pycaret[models]`
2023-10-25 17:04:23,512:WARNING:
'catboost' is a soft dependency and not included in the pycaret installation. Please run: `pip install catboost` to install.
Alternately, you can install this by running `pip install pycaret[models]`
2023-10-25 17:04:23,559:INFO:Engine for model 'rbfsvm' has not been set explicitly, hence returning None.
2023-10-25 17:04:23,594:WARNING:
'xgboost' is a soft dependency and not included in the pycaret installation. Please run: `pip install xgboost` to install.
Alternately, you can install this by running `pip install pycaret[models]`
2023-10-25 17:04:23,594:WARNING:
'catboost' is a soft dependency and not included in the pycaret installation. Please run: `pip install catboost` to install.
Alternately, you can install this by running `pip install pycaret[models]`
2023-10-25 17:04:23,595:INFO:Engine successfully changes for model 'rbfsvm' to 'sklearn'.
2023-10-25 17:04:23,667:WARNING:
'xgboost' is a soft dependency and not included in the pycaret installation. Please run: `pip install xgboost` to install.
Alternately, you can install this by running `pip install pycaret[models]`
2023-10-25 17:04:23,667:WARNING:
'catboost' is a soft dependency and not included in the pycaret installation. Please run: `pip install catboost` to install.
Alternately, you can install this by running `pip install pycaret[models]`
2023-10-25 17:04:23,770:WARNING:
'xgboost' is a soft dependency and not included in the pycaret installation. Please run: `pip install xgboost` to install.
Alternately, you can install this by running `pip install pycaret[models]`
2023-10-25 17:04:23,783:WARNING:
'catboost' is a soft dependency and not included in the pycaret installation. Please run: `pip install catboost` to install.
Alternately, you can install this by running `pip install pycaret[models]`
2023-10-25 17:04:23,784:INFO:Preparing preprocessing pipeline...
2023-10-25 17:04:23,784:INFO:Set up simple imputation.
2023-10-25 17:04:23,833:INFO:Finished creating preprocessing pipeline.
2023-10-25 17:04:23,840:INFO:Pipeline: Pipeline(memory=FastMemory(location=C:\Users\XPS956~1\AppData\Local\Temp\joblib),
         steps=[('numerical_imputer',
                 TransformerWrapper(exclude=None,
                                    include=['Gender_x', 'Age', 'Height',
                                             'Weight',
                                             'family_history_with_overweight',
                                             'FAVC', 'FCVC', 'NCP', 'CAEC',
                                             'SMOKE', 'CH2O', 'SCC', 'FAF',
                                             'TUE', 'CALC', 'MTRANS',
                                             'NObeyesdad'],
                                    transformer=SimpleImputer(add_indicator=Fa...
                                                              copy=True,
                                                              fill_value=None,
                                                              keep_empty_features=False,
                                                              missing_values=nan,
                                                              strategy='mean',
                                                              verbose='deprecated'))),
                ('categorical_imputer',
                 TransformerWrapper(exclude=None, include=[],
                                    transformer=SimpleImputer(add_indicator=False,
                                                              copy=True,
                                                              fill_value=None,
                                                              keep_empty_features=False,
                                                              missing_values=nan,
                                                              strategy='most_frequent',
                                                              verbose='deprecated')))],
         verbose=False)
2023-10-25 17:04:23,841:INFO:Creating final display dataframe.
2023-10-25 17:04:24,040:INFO:Setup _display_container:                     Description             Value
0                    Session id               123
1                        Target          Gender_y
2                   Target type            Binary
3           Original data shape        (2111, 18)
4        Transformed data shape        (2111, 18)
5   Transformed train set shape        (1477, 18)
6    Transformed test set shape         (634, 18)
7              Numeric features                17
8                    Preprocess              True
9               Imputation type            simple
10           Numeric imputation              mean
11       Categorical imputation              mode
12               Fold Generator   StratifiedKFold
13                  Fold Number                10
14                     CPU Jobs                -1
15                      Use GPU             False
16               Log Experiment             False
17              Experiment Name  clf-default-name
18                          USI              c45f
2023-10-25 17:04:24,563:WARNING:
'xgboost' is a soft dependency and not included in the pycaret installation. Please run: `pip install xgboost` to install.
Alternately, you can install this by running `pip install pycaret[models]`
2023-10-25 17:04:24,563:WARNING:
'catboost' is a soft dependency and not included in the pycaret installation. Please run: `pip install catboost` to install.
Alternately, you can install this by running `pip install pycaret[models]`
2023-10-25 17:04:24,784:WARNING:
'xgboost' is a soft dependency and not included in the pycaret installation. Please run: `pip install xgboost` to install.
Alternately, you can install this by running `pip install pycaret[models]`
2023-10-25 17:04:24,784:WARNING:
'catboost' is a soft dependency and not included in the pycaret installation. Please run: `pip install catboost` to install.
Alternately, you can install this by running `pip install pycaret[models]`
2023-10-25 17:04:24,784:INFO:setup() successfully completed in 1.71s...............
2023-10-25 17:04:25,209:INFO:PyCaret ClassificationExperiment
2023-10-25 17:04:25,209:INFO:Logging name: clf-default-name
2023-10-25 17:04:25,209:INFO:ML Usecase: MLUsecase.CLASSIFICATION
2023-10-25 17:04:25,209:INFO:version 3.1.0
2023-10-25 17:04:25,209:INFO:Initializing setup()
2023-10-25 17:04:25,209:INFO:self.USI: bb0a
2023-10-25 17:04:25,209:INFO:self._variable_keys: {'fold_generator', 'fold_groups_param', 'is_multiclass', 'exp_name_log', 'seed', 'gpu_n_jobs_param', 'gpu_param', 'X', 'USI', 'idx', 'fix_imbalance', 'pipeline', 'X_test', '_available_plots', 'X_train', 'y_train', 'target_param', 'html_param', 'logging_param', '_ml_usecase', 'y', 'data', 'fold_shuffle_param', 'log_plots_param', 'y_test', 'memory', 'n_jobs_param', 'exp_id'}
2023-10-25 17:04:25,209:INFO:Checking environment
2023-10-25 17:04:25,209:INFO:python_version: 3.10.6
2023-10-25 17:04:25,209:INFO:python_build: ('tags/v3.10.6:9c7b4bd', 'Aug  1 2022 21:53:49')
2023-10-25 17:04:25,209:INFO:machine: AMD64
2023-10-25 17:04:25,209:INFO:platform: Windows-10-10.0.22000-SP0
2023-10-25 17:04:25,213:INFO:Memory: svmem(total=17018716160, available=6968766464, percent=59.1, used=10049949696, free=6968766464)
2023-10-25 17:04:25,213:INFO:Physical Core: 4
2023-10-25 17:04:25,213:INFO:Logical Core: 8
2023-10-25 17:04:25,213:INFO:Checking libraries
2023-10-25 17:04:25,213:INFO:System:
2023-10-25 17:04:25,213:INFO:    python: 3.10.6 (tags/v3.10.6:9c7b4bd, Aug  1 2022, 21:53:49) [MSC v.1932 64 bit (AMD64)]
2023-10-25 17:04:25,213:INFO:executable: C:\Users\XPS 9560\AppData\Local\Programs\Python\Python310\python.exe
2023-10-25 17:04:25,213:INFO:   machine: Windows-10-10.0.22000-SP0
2023-10-25 17:04:25,213:INFO:PyCaret required dependencies:
2023-10-25 17:04:25,213:INFO:                 pip: 22.2.1
2023-10-25 17:04:25,213:INFO:          setuptools: 63.2.0
2023-10-25 17:04:25,214:INFO:             pycaret: 3.1.0
2023-10-25 17:04:25,214:INFO:             IPython: 8.15.0
2023-10-25 17:04:25,214:INFO:          ipywidgets: 8.1.0
2023-10-25 17:04:25,214:INFO:                tqdm: 4.66.1
2023-10-25 17:04:25,214:INFO:               numpy: 1.23.5
2023-10-25 17:04:25,214:INFO:              pandas: 1.5.3
2023-10-25 17:04:25,214:INFO:              jinja2: 3.1.2
2023-10-25 17:04:25,214:INFO:               scipy: 1.10.1
2023-10-25 17:04:25,214:INFO:              joblib: 1.3.2
2023-10-25 17:04:25,214:INFO:             sklearn: 1.2.2
2023-10-25 17:04:25,214:INFO:                pyod: 1.1.0
2023-10-25 17:04:25,214:INFO:            imblearn: 0.11.0
2023-10-25 17:04:25,214:INFO:   category_encoders: 2.6.2
2023-10-25 17:04:25,214:INFO:            lightgbm: 4.1.0
2023-10-25 17:04:25,214:INFO:               numba: 0.57.1
2023-10-25 17:04:25,214:INFO:            requests: 2.31.0
2023-10-25 17:04:25,214:INFO:          matplotlib: 3.7.1
2023-10-25 17:04:25,214:INFO:          scikitplot: 0.3.7
2023-10-25 17:04:25,214:INFO:         yellowbrick: 1.5
2023-10-25 17:04:25,214:INFO:              plotly: 5.16.0
2023-10-25 17:04:25,214:INFO:    plotly-resampler: Not installed
2023-10-25 17:04:25,214:INFO:             kaleido: 0.2.1
2023-10-25 17:04:25,214:INFO:           schemdraw: 0.15
2023-10-25 17:04:25,215:INFO:         statsmodels: 0.14.0
2023-10-25 17:04:25,215:INFO:              sktime: 0.21.1
2023-10-25 17:04:25,215:INFO:               tbats: 1.1.3
2023-10-25 17:04:25,215:INFO:            pmdarima: 2.0.3
2023-10-25 17:04:25,215:INFO:              psutil: 5.9.5
2023-10-25 17:04:25,215:INFO:          markupsafe: 2.1.3
2023-10-25 17:04:25,215:INFO:             pickle5: Not installed
2023-10-25 17:04:25,215:INFO:         cloudpickle: 2.2.1
2023-10-25 17:04:25,215:INFO:         deprecation: 2.1.0
2023-10-25 17:04:25,215:INFO:              xxhash: 3.3.0
2023-10-25 17:04:25,215:INFO:           wurlitzer: Not installed
2023-10-25 17:04:25,215:INFO:PyCaret optional dependencies:
2023-10-25 17:04:25,215:INFO:                shap: Not installed
2023-10-25 17:04:25,215:INFO:           interpret: Not installed
2023-10-25 17:04:25,216:INFO:                umap: Not installed
2023-10-25 17:04:25,216:INFO:     ydata_profiling: Not installed
2023-10-25 17:04:25,216:INFO:  explainerdashboard: Not installed
2023-10-25 17:04:25,216:INFO:             autoviz: Not installed
2023-10-25 17:04:25,216:INFO:           fairlearn: Not installed
2023-10-25 17:04:25,216:INFO:          deepchecks: Not installed
2023-10-25 17:04:25,216:INFO:             xgboost: Not installed
2023-10-25 17:04:25,216:INFO:            catboost: Not installed
2023-10-25 17:04:25,217:INFO:              kmodes: Not installed
2023-10-25 17:04:25,217:INFO:             mlxtend: Not installed
2023-10-25 17:04:25,217:INFO:       statsforecast: Not installed
2023-10-25 17:04:25,218:INFO:        tune_sklearn: Not installed
2023-10-25 17:04:25,218:INFO:                 ray: Not installed
2023-10-25 17:04:25,218:INFO:            hyperopt: Not installed
2023-10-25 17:04:25,218:INFO:              optuna: Not installed
2023-10-25 17:04:25,218:INFO:               skopt: Not installed
2023-10-25 17:04:25,218:INFO:              mlflow: Not installed
2023-10-25 17:04:25,218:INFO:              gradio: Not installed
2023-10-25 17:04:25,218:INFO:             fastapi: Not installed
2023-10-25 17:04:25,218:INFO:             uvicorn: Not installed
2023-10-25 17:04:25,218:INFO:              m2cgen: Not installed
2023-10-25 17:04:25,218:INFO:           evidently: Not installed
2023-10-25 17:04:25,218:INFO:               fugue: Not installed
2023-10-25 17:04:25,218:INFO:           streamlit: 1.25.0
2023-10-25 17:04:25,219:INFO:             prophet: Not installed
2023-10-25 17:04:25,219:INFO:None
2023-10-25 17:04:25,219:INFO:Set up data.
2023-10-25 17:04:25,229:INFO:Set up folding strategy.
2023-10-25 17:04:25,230:INFO:Set up train/test split.
2023-10-25 17:04:25,253:INFO:Set up index.
2023-10-25 17:04:25,253:INFO:Assigning column types.
2023-10-25 17:04:25,253:INFO:Engine successfully changes for model 'lr' to 'sklearn'.
2023-10-25 17:04:25,315:INFO:Engine for model 'knn' has not been set explicitly, hence returning None.
2023-10-25 17:04:25,316:INFO:Engine for model 'rbfsvm' has not been set explicitly, hence returning None.
2023-10-25 17:04:25,347:WARNING:
'xgboost' is a soft dependency and not included in the pycaret installation. Please run: `pip install xgboost` to install.
Alternately, you can install this by running `pip install pycaret[models]`
2023-10-25 17:04:25,347:WARNING:
'catboost' is a soft dependency and not included in the pycaret installation. Please run: `pip install catboost` to install.
Alternately, you can install this by running `pip install pycaret[models]`
2023-10-25 17:04:25,431:INFO:Engine for model 'knn' has not been set explicitly, hence returning None.
2023-10-25 17:04:25,432:INFO:Engine for model 'rbfsvm' has not been set explicitly, hence returning None.
2023-10-25 17:04:25,479:WARNING:
'xgboost' is a soft dependency and not included in the pycaret installation. Please run: `pip install xgboost` to install.
Alternately, you can install this by running `pip install pycaret[models]`
2023-10-25 17:04:25,480:WARNING:
'catboost' is a soft dependency and not included in the pycaret installation. Please run: `pip install catboost` to install.
Alternately, you can install this by running `pip install pycaret[models]`
2023-10-25 17:04:25,480:INFO:Engine successfully changes for model 'knn' to 'sklearn'.
2023-10-25 17:04:25,516:INFO:Engine for model 'rbfsvm' has not been set explicitly, hence returning None.
2023-10-25 17:04:25,550:WARNING:
'xgboost' is a soft dependency and not included in the pycaret installation. Please run: `pip install xgboost` to install.
Alternately, you can install this by running `pip install pycaret[models]`
2023-10-25 17:04:25,550:WARNING:
'catboost' is a soft dependency and not included in the pycaret installation. Please run: `pip install catboost` to install.
Alternately, you can install this by running `pip install pycaret[models]`
2023-10-25 17:04:25,600:INFO:Engine for model 'rbfsvm' has not been set explicitly, hence returning None.
2023-10-25 17:04:25,632:WARNING:
'xgboost' is a soft dependency and not included in the pycaret installation. Please run: `pip install xgboost` to install.
Alternately, you can install this by running `pip install pycaret[models]`
2023-10-25 17:04:25,643:WARNING:
'catboost' is a soft dependency and not included in the pycaret installation. Please run: `pip install catboost` to install.
Alternately, you can install this by running `pip install pycaret[models]`
2023-10-25 17:04:25,643:INFO:Engine successfully changes for model 'rbfsvm' to 'sklearn'.
2023-10-25 17:04:25,726:WARNING:
'xgboost' is a soft dependency and not included in the pycaret installation. Please run: `pip install xgboost` to install.
Alternately, you can install this by running `pip install pycaret[models]`
2023-10-25 17:04:25,726:WARNING:
'catboost' is a soft dependency and not included in the pycaret installation. Please run: `pip install catboost` to install.
Alternately, you can install this by running `pip install pycaret[models]`
2023-10-25 17:04:25,866:WARNING:
'xgboost' is a soft dependency and not included in the pycaret installation. Please run: `pip install xgboost` to install.
Alternately, you can install this by running `pip install pycaret[models]`
2023-10-25 17:04:25,867:WARNING:
'catboost' is a soft dependency and not included in the pycaret installation. Please run: `pip install catboost` to install.
Alternately, you can install this by running `pip install pycaret[models]`
2023-10-25 17:04:25,871:INFO:Preparing preprocessing pipeline...
2023-10-25 17:04:25,876:INFO:Set up simple imputation.
2023-10-25 17:04:26,066:INFO:Finished creating preprocessing pipeline.
2023-10-25 17:04:26,084:INFO:Pipeline: Pipeline(memory=FastMemory(location=C:\Users\XPS956~1\AppData\Local\Temp\joblib),
         steps=[('numerical_imputer',
                 TransformerWrapper(exclude=None,
                                    include=['Gender_x', 'Age', 'Height',
                                             'Weight',
                                             'family_history_with_overweight',
                                             'FAVC', 'FCVC', 'NCP', 'CAEC',
                                             'SMOKE', 'CH2O', 'SCC', 'FAF',
                                             'TUE', 'CALC', 'MTRANS',
                                             'NObeyesdad'],
                                    transformer=SimpleImputer(add_indicator=Fa...
                                                              copy=True,
                                                              fill_value=None,
                                                              keep_empty_features=False,
                                                              missing_values=nan,
                                                              strategy='mean',
                                                              verbose='deprecated'))),
                ('categorical_imputer',
                 TransformerWrapper(exclude=None, include=[],
                                    transformer=SimpleImputer(add_indicator=False,
                                                              copy=True,
                                                              fill_value=None,
                                                              keep_empty_features=False,
                                                              missing_values=nan,
                                                              strategy='most_frequent',
                                                              verbose='deprecated')))],
         verbose=False)
2023-10-25 17:04:26,085:INFO:Creating final display dataframe.
2023-10-25 17:04:26,169:INFO:Setup _display_container:                     Description             Value
0                    Session id               123
1                        Target          Gender_y
2                   Target type            Binary
3           Original data shape        (2111, 18)
4        Transformed data shape        (2111, 18)
5   Transformed train set shape        (1477, 18)
6    Transformed test set shape         (634, 18)
7              Numeric features                17
8                    Preprocess              True
9               Imputation type            simple
10           Numeric imputation              mean
11       Categorical imputation              mode
12               Fold Generator   StratifiedKFold
13                  Fold Number                10
14                     CPU Jobs                -1
15                      Use GPU             False
16               Log Experiment             False
17              Experiment Name  clf-default-name
18                          USI              bb0a
2023-10-25 17:04:26,307:WARNING:
'xgboost' is a soft dependency and not included in the pycaret installation. Please run: `pip install xgboost` to install.
Alternately, you can install this by running `pip install pycaret[models]`
2023-10-25 17:04:26,308:WARNING:
'catboost' is a soft dependency and not included in the pycaret installation. Please run: `pip install catboost` to install.
Alternately, you can install this by running `pip install pycaret[models]`
2023-10-25 17:04:26,401:WARNING:
'xgboost' is a soft dependency and not included in the pycaret installation. Please run: `pip install xgboost` to install.
Alternately, you can install this by running `pip install pycaret[models]`
2023-10-25 17:04:26,401:WARNING:
'catboost' is a soft dependency and not included in the pycaret installation. Please run: `pip install catboost` to install.
Alternately, you can install this by running `pip install pycaret[models]`
2023-10-25 17:04:26,401:INFO:setup() successfully completed in 1.27s...............
2023-10-25 17:04:26,702:INFO:PyCaret ClassificationExperiment
2023-10-25 17:04:26,703:INFO:Logging name: clf-default-name
2023-10-25 17:04:26,703:INFO:ML Usecase: MLUsecase.CLASSIFICATION
2023-10-25 17:04:26,703:INFO:version 3.1.0
2023-10-25 17:04:26,703:INFO:Initializing setup()
2023-10-25 17:04:26,703:INFO:self.USI: aaa8
2023-10-25 17:04:26,703:INFO:self._variable_keys: {'fold_generator', 'fold_groups_param', 'is_multiclass', 'exp_name_log', 'seed', 'gpu_n_jobs_param', 'gpu_param', 'X', 'USI', 'idx', 'fix_imbalance', 'pipeline', 'X_test', '_available_plots', 'X_train', 'y_train', 'target_param', 'html_param', 'logging_param', '_ml_usecase', 'y', 'data', 'fold_shuffle_param', 'log_plots_param', 'y_test', 'memory', 'n_jobs_param', 'exp_id'}
2023-10-25 17:04:26,703:INFO:Checking environment
2023-10-25 17:04:26,703:INFO:python_version: 3.10.6
2023-10-25 17:04:26,703:INFO:python_build: ('tags/v3.10.6:9c7b4bd', 'Aug  1 2022 21:53:49')
2023-10-25 17:04:26,703:INFO:machine: AMD64
2023-10-25 17:04:26,704:INFO:platform: Windows-10-10.0.22000-SP0
2023-10-25 17:04:26,706:INFO:Memory: svmem(total=17018716160, available=6956630016, percent=59.1, used=10062086144, free=6956630016)
2023-10-25 17:04:26,706:INFO:Physical Core: 4
2023-10-25 17:04:26,706:INFO:Logical Core: 8
2023-10-25 17:04:26,706:INFO:Checking libraries
2023-10-25 17:04:26,706:INFO:System:
2023-10-25 17:04:26,707:INFO:    python: 3.10.6 (tags/v3.10.6:9c7b4bd, Aug  1 2022, 21:53:49) [MSC v.1932 64 bit (AMD64)]
2023-10-25 17:04:26,707:INFO:executable: C:\Users\XPS 9560\AppData\Local\Programs\Python\Python310\python.exe
2023-10-25 17:04:26,707:INFO:   machine: Windows-10-10.0.22000-SP0
2023-10-25 17:04:26,707:INFO:PyCaret required dependencies:
2023-10-25 17:04:26,707:INFO:                 pip: 22.2.1
2023-10-25 17:04:26,707:INFO:          setuptools: 63.2.0
2023-10-25 17:04:26,707:INFO:             pycaret: 3.1.0
2023-10-25 17:04:26,707:INFO:             IPython: 8.15.0
2023-10-25 17:04:26,707:INFO:          ipywidgets: 8.1.0
2023-10-25 17:04:26,707:INFO:                tqdm: 4.66.1
2023-10-25 17:04:26,707:INFO:               numpy: 1.23.5
2023-10-25 17:04:26,708:INFO:              pandas: 1.5.3
2023-10-25 17:04:26,708:INFO:              jinja2: 3.1.2
2023-10-25 17:04:26,708:INFO:               scipy: 1.10.1
2023-10-25 17:04:26,708:INFO:              joblib: 1.3.2
2023-10-25 17:04:26,708:INFO:             sklearn: 1.2.2
2023-10-25 17:04:26,708:INFO:                pyod: 1.1.0
2023-10-25 17:04:26,709:INFO:            imblearn: 0.11.0
2023-10-25 17:04:26,709:INFO:   category_encoders: 2.6.2
2023-10-25 17:04:26,709:INFO:            lightgbm: 4.1.0
2023-10-25 17:04:26,709:INFO:               numba: 0.57.1
2023-10-25 17:04:26,709:INFO:            requests: 2.31.0
2023-10-25 17:04:26,709:INFO:          matplotlib: 3.7.1
2023-10-25 17:04:26,709:INFO:          scikitplot: 0.3.7
2023-10-25 17:04:26,709:INFO:         yellowbrick: 1.5
2023-10-25 17:04:26,710:INFO:              plotly: 5.16.0
2023-10-25 17:04:26,710:INFO:    plotly-resampler: Not installed
2023-10-25 17:04:26,710:INFO:             kaleido: 0.2.1
2023-10-25 17:04:26,710:INFO:           schemdraw: 0.15
2023-10-25 17:04:26,710:INFO:         statsmodels: 0.14.0
2023-10-25 17:04:26,710:INFO:              sktime: 0.21.1
2023-10-25 17:04:26,710:INFO:               tbats: 1.1.3
2023-10-25 17:04:26,710:INFO:            pmdarima: 2.0.3
2023-10-25 17:04:26,711:INFO:              psutil: 5.9.5
2023-10-25 17:04:26,711:INFO:          markupsafe: 2.1.3
2023-10-25 17:04:26,711:INFO:             pickle5: Not installed
2023-10-25 17:04:26,711:INFO:         cloudpickle: 2.2.1
2023-10-25 17:04:26,711:INFO:         deprecation: 2.1.0
2023-10-25 17:04:26,711:INFO:              xxhash: 3.3.0
2023-10-25 17:04:26,711:INFO:           wurlitzer: Not installed
2023-10-25 17:04:26,712:INFO:PyCaret optional dependencies:
2023-10-25 17:04:26,712:INFO:                shap: Not installed
2023-10-25 17:04:26,712:INFO:           interpret: Not installed
2023-10-25 17:04:26,712:INFO:                umap: Not installed
2023-10-25 17:04:26,712:INFO:     ydata_profiling: Not installed
2023-10-25 17:04:26,712:INFO:  explainerdashboard: Not installed
2023-10-25 17:04:26,712:INFO:             autoviz: Not installed
2023-10-25 17:04:26,713:INFO:           fairlearn: Not installed
2023-10-25 17:04:26,713:INFO:          deepchecks: Not installed
2023-10-25 17:04:26,713:INFO:             xgboost: Not installed
2023-10-25 17:04:26,713:INFO:            catboost: Not installed
2023-10-25 17:04:26,713:INFO:              kmodes: Not installed
2023-10-25 17:04:26,713:INFO:             mlxtend: Not installed
2023-10-25 17:04:26,713:INFO:       statsforecast: Not installed
2023-10-25 17:04:26,713:INFO:        tune_sklearn: Not installed
2023-10-25 17:04:26,713:INFO:                 ray: Not installed
2023-10-25 17:04:26,714:INFO:            hyperopt: Not installed
2023-10-25 17:04:26,714:INFO:              optuna: Not installed
2023-10-25 17:04:26,714:INFO:               skopt: Not installed
2023-10-25 17:04:26,714:INFO:              mlflow: Not installed
2023-10-25 17:04:26,714:INFO:              gradio: Not installed
2023-10-25 17:04:26,714:INFO:             fastapi: Not installed
2023-10-25 17:04:26,714:INFO:             uvicorn: Not installed
2023-10-25 17:04:26,714:INFO:              m2cgen: Not installed
2023-10-25 17:04:26,714:INFO:           evidently: Not installed
2023-10-25 17:04:26,714:INFO:               fugue: Not installed
2023-10-25 17:04:26,715:INFO:           streamlit: 1.25.0
2023-10-25 17:04:26,715:INFO:             prophet: Not installed
2023-10-25 17:04:26,715:INFO:None
2023-10-25 17:04:26,715:INFO:Set up data.
2023-10-25 17:04:26,721:INFO:Set up folding strategy.
2023-10-25 17:04:26,721:INFO:Set up train/test split.
2023-10-25 17:04:26,752:INFO:Set up index.
2023-10-25 17:04:26,752:INFO:Assigning column types.
2023-10-25 17:04:26,756:INFO:Engine successfully changes for model 'lr' to 'sklearn'.
2023-10-25 17:04:26,806:INFO:Engine for model 'knn' has not been set explicitly, hence returning None.
2023-10-25 17:04:26,807:INFO:Engine for model 'rbfsvm' has not been set explicitly, hence returning None.
2023-10-25 17:04:26,841:WARNING:
'xgboost' is a soft dependency and not included in the pycaret installation. Please run: `pip install xgboost` to install.
Alternately, you can install this by running `pip install pycaret[models]`
2023-10-25 17:04:26,841:WARNING:
'catboost' is a soft dependency and not included in the pycaret installation. Please run: `pip install catboost` to install.
Alternately, you can install this by running `pip install pycaret[models]`
2023-10-25 17:04:26,885:INFO:Engine for model 'knn' has not been set explicitly, hence returning None.
2023-10-25 17:04:26,885:INFO:Engine for model 'rbfsvm' has not been set explicitly, hence returning None.
2023-10-25 17:04:26,938:WARNING:
'xgboost' is a soft dependency and not included in the pycaret installation. Please run: `pip install xgboost` to install.
Alternately, you can install this by running `pip install pycaret[models]`
2023-10-25 17:04:26,938:WARNING:
'catboost' is a soft dependency and not included in the pycaret installation. Please run: `pip install catboost` to install.
Alternately, you can install this by running `pip install pycaret[models]`
2023-10-25 17:04:26,939:INFO:Engine successfully changes for model 'knn' to 'sklearn'.
2023-10-25 17:04:26,992:INFO:Engine for model 'rbfsvm' has not been set explicitly, hence returning None.
2023-10-25 17:04:27,048:WARNING:
'xgboost' is a soft dependency and not included in the pycaret installation. Please run: `pip install xgboost` to install.
Alternately, you can install this by running `pip install pycaret[models]`
2023-10-25 17:04:27,049:WARNING:
'catboost' is a soft dependency and not included in the pycaret installation. Please run: `pip install catboost` to install.
Alternately, you can install this by running `pip install pycaret[models]`
2023-10-25 17:04:27,120:INFO:Engine for model 'rbfsvm' has not been set explicitly, hence returning None.
2023-10-25 17:04:27,149:WARNING:
'xgboost' is a soft dependency and not included in the pycaret installation. Please run: `pip install xgboost` to install.
Alternately, you can install this by running `pip install pycaret[models]`
2023-10-25 17:04:27,149:WARNING:
'catboost' is a soft dependency and not included in the pycaret installation. Please run: `pip install catboost` to install.
Alternately, you can install this by running `pip install pycaret[models]`
2023-10-25 17:04:27,149:INFO:Engine successfully changes for model 'rbfsvm' to 'sklearn'.
2023-10-25 17:04:27,237:WARNING:
'xgboost' is a soft dependency and not included in the pycaret installation. Please run: `pip install xgboost` to install.
Alternately, you can install this by running `pip install pycaret[models]`
2023-10-25 17:04:27,237:WARNING:
'catboost' is a soft dependency and not included in the pycaret installation. Please run: `pip install catboost` to install.
Alternately, you can install this by running `pip install pycaret[models]`
2023-10-25 17:04:27,346:WARNING:
'xgboost' is a soft dependency and not included in the pycaret installation. Please run: `pip install xgboost` to install.
Alternately, you can install this by running `pip install pycaret[models]`
2023-10-25 17:04:27,346:WARNING:
'catboost' is a soft dependency and not included in the pycaret installation. Please run: `pip install catboost` to install.
Alternately, you can install this by running `pip install pycaret[models]`
2023-10-25 17:04:27,350:INFO:Preparing preprocessing pipeline...
2023-10-25 17:04:27,350:INFO:Set up simple imputation.
2023-10-25 17:04:27,447:INFO:PyCaret ClassificationExperiment
2023-10-25 17:04:27,447:INFO:Logging name: clf-default-name
2023-10-25 17:04:27,448:INFO:ML Usecase: MLUsecase.CLASSIFICATION
2023-10-25 17:04:27,451:INFO:version 3.1.0
2023-10-25 17:04:27,452:INFO:Initializing setup()
2023-10-25 17:04:27,452:INFO:self.USI: ff60
2023-10-25 17:04:27,452:INFO:self._variable_keys: {'fold_generator', 'fold_groups_param', 'is_multiclass', 'exp_name_log', 'seed', 'gpu_n_jobs_param', 'gpu_param', 'X', 'USI', 'idx', 'fix_imbalance', 'pipeline', 'X_test', '_available_plots', 'X_train', 'y_train', 'target_param', 'html_param', 'logging_param', '_ml_usecase', 'y', 'data', 'fold_shuffle_param', 'log_plots_param', 'y_test', 'memory', 'n_jobs_param', 'exp_id'}
2023-10-25 17:04:27,452:INFO:Checking environment
2023-10-25 17:04:27,455:INFO:python_version: 3.10.6
2023-10-25 17:04:27,455:INFO:python_build: ('tags/v3.10.6:9c7b4bd', 'Aug  1 2022 21:53:49')
2023-10-25 17:04:27,455:INFO:machine: AMD64
2023-10-25 17:04:27,455:INFO:platform: Windows-10-10.0.22000-SP0
2023-10-25 17:04:27,458:INFO:Memory: svmem(total=17018716160, available=6957326336, percent=59.1, used=10061389824, free=6957326336)
2023-10-25 17:04:27,458:INFO:Physical Core: 4
2023-10-25 17:04:27,458:INFO:Logical Core: 8
2023-10-25 17:04:27,458:INFO:Checking libraries
2023-10-25 17:04:27,458:INFO:System:
2023-10-25 17:04:27,458:INFO:    python: 3.10.6 (tags/v3.10.6:9c7b4bd, Aug  1 2022, 21:53:49) [MSC v.1932 64 bit (AMD64)]
2023-10-25 17:04:27,459:INFO:executable: C:\Users\XPS 9560\AppData\Local\Programs\Python\Python310\python.exe
2023-10-25 17:04:27,459:INFO:   machine: Windows-10-10.0.22000-SP0
2023-10-25 17:04:27,459:INFO:PyCaret required dependencies:
2023-10-25 17:04:27,459:INFO:                 pip: 22.2.1
2023-10-25 17:04:27,459:INFO:          setuptools: 63.2.0
2023-10-25 17:04:27,459:INFO:             pycaret: 3.1.0
2023-10-25 17:04:27,463:INFO:             IPython: 8.15.0
2023-10-25 17:04:27,463:INFO:          ipywidgets: 8.1.0
2023-10-25 17:04:27,463:INFO:                tqdm: 4.66.1
2023-10-25 17:04:27,463:INFO:               numpy: 1.23.5
2023-10-25 17:04:27,463:INFO:              pandas: 1.5.3
2023-10-25 17:04:27,463:INFO:              jinja2: 3.1.2
2023-10-25 17:04:27,463:INFO:               scipy: 1.10.1
2023-10-25 17:04:27,463:INFO:              joblib: 1.3.2
2023-10-25 17:04:27,463:INFO:             sklearn: 1.2.2
2023-10-25 17:04:27,463:INFO:                pyod: 1.1.0
2023-10-25 17:04:27,463:INFO:            imblearn: 0.11.0
2023-10-25 17:04:27,463:INFO:   category_encoders: 2.6.2
2023-10-25 17:04:27,463:INFO:            lightgbm: 4.1.0
2023-10-25 17:04:27,463:INFO:               numba: 0.57.1
2023-10-25 17:04:27,464:INFO:            requests: 2.31.0
2023-10-25 17:04:27,464:INFO:          matplotlib: 3.7.1
2023-10-25 17:04:27,464:INFO:          scikitplot: 0.3.7
2023-10-25 17:04:27,464:INFO:         yellowbrick: 1.5
2023-10-25 17:04:27,464:INFO:              plotly: 5.16.0
2023-10-25 17:04:27,464:INFO:    plotly-resampler: Not installed
2023-10-25 17:04:27,464:INFO:             kaleido: 0.2.1
2023-10-25 17:04:27,464:INFO:           schemdraw: 0.15
2023-10-25 17:04:27,465:INFO:         statsmodels: 0.14.0
2023-10-25 17:04:27,465:INFO:              sktime: 0.21.1
2023-10-25 17:04:27,465:INFO:               tbats: 1.1.3
2023-10-25 17:04:27,465:INFO:            pmdarima: 2.0.3
2023-10-25 17:04:27,465:INFO:              psutil: 5.9.5
2023-10-25 17:04:27,465:INFO:          markupsafe: 2.1.3
2023-10-25 17:04:27,465:INFO:             pickle5: Not installed
2023-10-25 17:04:27,466:INFO:         cloudpickle: 2.2.1
2023-10-25 17:04:27,466:INFO:         deprecation: 2.1.0
2023-10-25 17:04:27,466:INFO:              xxhash: 3.3.0
2023-10-25 17:04:27,466:INFO:           wurlitzer: Not installed
2023-10-25 17:04:27,466:INFO:PyCaret optional dependencies:
2023-10-25 17:04:27,466:INFO:                shap: Not installed
2023-10-25 17:04:27,466:INFO:           interpret: Not installed
2023-10-25 17:04:27,467:INFO:                umap: Not installed
2023-10-25 17:04:27,469:INFO:     ydata_profiling: Not installed
2023-10-25 17:04:27,469:INFO:  explainerdashboard: Not installed
2023-10-25 17:04:27,470:INFO:             autoviz: Not installed
2023-10-25 17:04:27,471:INFO:           fairlearn: Not installed
2023-10-25 17:04:27,471:INFO:          deepchecks: Not installed
2023-10-25 17:04:27,471:INFO:             xgboost: Not installed
2023-10-25 17:04:27,471:INFO:            catboost: Not installed
2023-10-25 17:04:27,471:INFO:              kmodes: Not installed
2023-10-25 17:04:27,471:INFO:             mlxtend: Not installed
2023-10-25 17:04:27,471:INFO:       statsforecast: Not installed
2023-10-25 17:04:27,472:INFO:        tune_sklearn: Not installed
2023-10-25 17:04:27,472:INFO:                 ray: Not installed
2023-10-25 17:04:27,472:INFO:            hyperopt: Not installed
2023-10-25 17:04:27,472:INFO:              optuna: Not installed
2023-10-25 17:04:27,472:INFO:               skopt: Not installed
2023-10-25 17:04:27,472:INFO:              mlflow: Not installed
2023-10-25 17:04:27,474:INFO:              gradio: Not installed
2023-10-25 17:04:27,475:INFO:             fastapi: Not installed
2023-10-25 17:04:27,475:INFO:             uvicorn: Not installed
2023-10-25 17:04:27,475:INFO:              m2cgen: Not installed
2023-10-25 17:04:27,475:INFO:           evidently: Not installed
2023-10-25 17:04:27,475:INFO:               fugue: Not installed
2023-10-25 17:04:27,480:INFO:           streamlit: 1.25.0
2023-10-25 17:04:27,482:INFO:             prophet: Not installed
2023-10-25 17:04:27,493:INFO:None
2023-10-25 17:04:27,493:INFO:Set up data.
2023-10-25 17:04:27,516:INFO:Set up folding strategy.
2023-10-25 17:04:27,520:INFO:Set up train/test split.
2023-10-25 17:04:27,535:INFO:Set up index.
2023-10-25 17:04:27,536:INFO:Assigning column types.
2023-10-25 17:04:27,541:INFO:Engine successfully changes for model 'lr' to 'sklearn'.
2023-10-25 17:04:27,607:INFO:Engine for model 'knn' has not been set explicitly, hence returning None.
2023-10-25 17:04:27,608:INFO:Engine for model 'rbfsvm' has not been set explicitly, hence returning None.
2023-10-25 17:04:27,634:WARNING:
'xgboost' is a soft dependency and not included in the pycaret installation. Please run: `pip install xgboost` to install.
Alternately, you can install this by running `pip install pycaret[models]`
2023-10-25 17:04:27,634:WARNING:
'catboost' is a soft dependency and not included in the pycaret installation. Please run: `pip install catboost` to install.
Alternately, you can install this by running `pip install pycaret[models]`
2023-10-25 17:04:27,665:INFO:Engine for model 'knn' has not been set explicitly, hence returning None.
2023-10-25 17:04:27,681:INFO:Engine for model 'rbfsvm' has not been set explicitly, hence returning None.
2023-10-25 17:04:27,712:WARNING:
'xgboost' is a soft dependency and not included in the pycaret installation. Please run: `pip install xgboost` to install.
Alternately, you can install this by running `pip install pycaret[models]`
2023-10-25 17:04:27,712:WARNING:
'catboost' is a soft dependency and not included in the pycaret installation. Please run: `pip install catboost` to install.
Alternately, you can install this by running `pip install pycaret[models]`
2023-10-25 17:04:27,712:INFO:Engine successfully changes for model 'knn' to 'sklearn'.
2023-10-25 17:04:27,769:INFO:Engine for model 'rbfsvm' has not been set explicitly, hence returning None.
2023-10-25 17:04:27,800:WARNING:
'xgboost' is a soft dependency and not included in the pycaret installation. Please run: `pip install xgboost` to install.
Alternately, you can install this by running `pip install pycaret[models]`
2023-10-25 17:04:27,800:WARNING:
'catboost' is a soft dependency and not included in the pycaret installation. Please run: `pip install catboost` to install.
Alternately, you can install this by running `pip install pycaret[models]`
2023-10-25 17:04:27,833:INFO:Engine for model 'rbfsvm' has not been set explicitly, hence returning None.
2023-10-25 17:04:27,864:WARNING:
'xgboost' is a soft dependency and not included in the pycaret installation. Please run: `pip install xgboost` to install.
Alternately, you can install this by running `pip install pycaret[models]`
2023-10-25 17:04:27,864:WARNING:
'catboost' is a soft dependency and not included in the pycaret installation. Please run: `pip install catboost` to install.
Alternately, you can install this by running `pip install pycaret[models]`
2023-10-25 17:04:27,864:INFO:Engine successfully changes for model 'rbfsvm' to 'sklearn'.
2023-10-25 17:04:27,896:INFO:Setup _display_container:                     Description             Value
0                    Session id               123
1                        Target          Gender_y
2                   Target type            Binary
3           Original data shape        (2111, 18)
4        Transformed data shape        (2111, 18)
5   Transformed train set shape        (1477, 18)
6    Transformed test set shape         (634, 18)
7              Numeric features                17
8                    Preprocess              True
9               Imputation type            simple
10           Numeric imputation              mean
11       Categorical imputation              mode
12               Fold Generator   StratifiedKFold
13                  Fold Number                10
14                     CPU Jobs                -1
15                      Use GPU             False
16               Log Experiment             False
17              Experiment Name  clf-default-name
18                          USI              aaa8
2023-10-25 17:04:27,989:WARNING:
'xgboost' is a soft dependency and not included in the pycaret installation. Please run: `pip install xgboost` to install.
Alternately, you can install this by running `pip install pycaret[models]`
2023-10-25 17:04:27,989:WARNING:
'catboost' is a soft dependency and not included in the pycaret installation. Please run: `pip install catboost` to install.
Alternately, you can install this by running `pip install pycaret[models]`
2023-10-25 17:04:28,106:WARNING:
'xgboost' is a soft dependency and not included in the pycaret installation. Please run: `pip install xgboost` to install.
Alternately, you can install this by running `pip install pycaret[models]`
2023-10-25 17:04:28,106:WARNING:
'catboost' is a soft dependency and not included in the pycaret installation. Please run: `pip install catboost` to install.
Alternately, you can install this by running `pip install pycaret[models]`
2023-10-25 17:04:28,173:WARNING:
'xgboost' is a soft dependency and not included in the pycaret installation. Please run: `pip install xgboost` to install.
Alternately, you can install this by running `pip install pycaret[models]`
2023-10-25 17:04:28,188:WARNING:
'catboost' is a soft dependency and not included in the pycaret installation. Please run: `pip install catboost` to install.
Alternately, you can install this by running `pip install pycaret[models]`
2023-10-25 17:04:28,223:WARNING:
'xgboost' is a soft dependency and not included in the pycaret installation. Please run: `pip install xgboost` to install.
Alternately, you can install this by running `pip install pycaret[models]`
2023-10-25 17:04:28,223:WARNING:
'catboost' is a soft dependency and not included in the pycaret installation. Please run: `pip install catboost` to install.
Alternately, you can install this by running `pip install pycaret[models]`
2023-10-25 17:04:28,223:INFO:setup() successfully completed in 2.12s...............
2023-10-25 17:04:28,305:INFO:Preparing preprocessing pipeline...
2023-10-25 17:04:28,305:INFO:Set up simple imputation.
2023-10-25 17:04:28,321:INFO:Finished creating preprocessing pipeline.
2023-10-25 17:04:28,321:INFO:Pipeline: Pipeline(memory=FastMemory(location=C:\Users\XPS956~1\AppData\Local\Temp\joblib),
         steps=[('numerical_imputer',
                 TransformerWrapper(exclude=None,
                                    include=['Gender_x', 'Age', 'Height',
                                             'Weight',
                                             'family_history_with_overweight',
                                             'FAVC', 'FCVC', 'NCP', 'CAEC',
                                             'SMOKE', 'CH2O', 'SCC', 'FAF',
                                             'TUE', 'CALC', 'MTRANS',
                                             'NObeyesdad'],
                                    transformer=SimpleImputer(add_indicator=Fa...
                                                              copy=True,
                                                              fill_value=None,
                                                              keep_empty_features=False,
                                                              missing_values=nan,
                                                              strategy='mean',
                                                              verbose='deprecated'))),
                ('categorical_imputer',
                 TransformerWrapper(exclude=None, include=[],
                                    transformer=SimpleImputer(add_indicator=False,
                                                              copy=True,
                                                              fill_value=None,
                                                              keep_empty_features=False,
                                                              missing_values=nan,
                                                              strategy='most_frequent',
                                                              verbose='deprecated')))],
         verbose=False)
2023-10-25 17:04:28,321:INFO:Creating final display dataframe.
2023-10-25 17:04:28,372:INFO:Setup _display_container:                     Description             Value
0                    Session id               123
1                        Target          Gender_y
2                   Target type            Binary
3           Original data shape        (2111, 18)
4        Transformed data shape        (2111, 18)
5   Transformed train set shape        (1477, 18)
6    Transformed test set shape         (634, 18)
7              Numeric features                17
8                    Preprocess              True
9               Imputation type            simple
10           Numeric imputation              mean
11       Categorical imputation              mode
12               Fold Generator   StratifiedKFold
13                  Fold Number                10
14                     CPU Jobs                -1
15                      Use GPU             False
16               Log Experiment             False
17              Experiment Name  clf-default-name
18                          USI              ff60
2023-10-25 17:04:28,471:WARNING:
'xgboost' is a soft dependency and not included in the pycaret installation. Please run: `pip install xgboost` to install.
Alternately, you can install this by running `pip install pycaret[models]`
2023-10-25 17:04:28,471:WARNING:
'catboost' is a soft dependency and not included in the pycaret installation. Please run: `pip install catboost` to install.
Alternately, you can install this by running `pip install pycaret[models]`
2023-10-25 17:04:28,551:WARNING:
'xgboost' is a soft dependency and not included in the pycaret installation. Please run: `pip install xgboost` to install.
Alternately, you can install this by running `pip install pycaret[models]`
2023-10-25 17:04:28,551:WARNING:
'catboost' is a soft dependency and not included in the pycaret installation. Please run: `pip install catboost` to install.
Alternately, you can install this by running `pip install pycaret[models]`
2023-10-25 17:04:28,552:INFO:setup() successfully completed in 1.98s...............
2023-10-25 17:04:28,718:INFO:PyCaret ClassificationExperiment
2023-10-25 17:04:28,718:INFO:Logging name: clf-default-name
2023-10-25 17:04:28,718:INFO:ML Usecase: MLUsecase.CLASSIFICATION
2023-10-25 17:04:28,719:INFO:version 3.1.0
2023-10-25 17:04:28,719:INFO:Initializing setup()
2023-10-25 17:04:28,719:INFO:self.USI: 4ecc
2023-10-25 17:04:28,719:INFO:self._variable_keys: {'fold_generator', 'fold_groups_param', 'is_multiclass', 'exp_name_log', 'seed', 'gpu_n_jobs_param', 'gpu_param', 'X', 'USI', 'idx', 'fix_imbalance', 'pipeline', 'X_test', '_available_plots', 'X_train', 'y_train', 'target_param', 'html_param', 'logging_param', '_ml_usecase', 'y', 'data', 'fold_shuffle_param', 'log_plots_param', 'y_test', 'memory', 'n_jobs_param', 'exp_id'}
2023-10-25 17:04:28,719:INFO:Checking environment
2023-10-25 17:04:28,719:INFO:python_version: 3.10.6
2023-10-25 17:04:28,719:INFO:python_build: ('tags/v3.10.6:9c7b4bd', 'Aug  1 2022 21:53:49')
2023-10-25 17:04:28,719:INFO:machine: AMD64
2023-10-25 17:04:28,719:INFO:platform: Windows-10-10.0.22000-SP0
2023-10-25 17:04:28,722:INFO:Memory: svmem(total=17018716160, available=6944198656, percent=59.2, used=10074517504, free=6944198656)
2023-10-25 17:04:28,723:INFO:Physical Core: 4
2023-10-25 17:04:28,723:INFO:Logical Core: 8
2023-10-25 17:04:28,723:INFO:Checking libraries
2023-10-25 17:04:28,723:INFO:System:
2023-10-25 17:04:28,723:INFO:    python: 3.10.6 (tags/v3.10.6:9c7b4bd, Aug  1 2022, 21:53:49) [MSC v.1932 64 bit (AMD64)]
2023-10-25 17:04:28,723:INFO:executable: C:\Users\XPS 9560\AppData\Local\Programs\Python\Python310\python.exe
2023-10-25 17:04:28,723:INFO:   machine: Windows-10-10.0.22000-SP0
2023-10-25 17:04:28,723:INFO:PyCaret required dependencies:
2023-10-25 17:04:28,723:INFO:                 pip: 22.2.1
2023-10-25 17:04:28,723:INFO:          setuptools: 63.2.0
2023-10-25 17:04:28,723:INFO:             pycaret: 3.1.0
2023-10-25 17:04:28,723:INFO:             IPython: 8.15.0
2023-10-25 17:04:28,723:INFO:          ipywidgets: 8.1.0
2023-10-25 17:04:28,723:INFO:                tqdm: 4.66.1
2023-10-25 17:04:28,723:INFO:               numpy: 1.23.5
2023-10-25 17:04:28,723:INFO:              pandas: 1.5.3
2023-10-25 17:04:28,723:INFO:              jinja2: 3.1.2
2023-10-25 17:04:28,723:INFO:               scipy: 1.10.1
2023-10-25 17:04:28,723:INFO:              joblib: 1.3.2
2023-10-25 17:04:28,723:INFO:             sklearn: 1.2.2
2023-10-25 17:04:28,723:INFO:                pyod: 1.1.0
2023-10-25 17:04:28,723:INFO:            imblearn: 0.11.0
2023-10-25 17:04:28,723:INFO:   category_encoders: 2.6.2
2023-10-25 17:04:28,723:INFO:            lightgbm: 4.1.0
2023-10-25 17:04:28,723:INFO:               numba: 0.57.1
2023-10-25 17:04:28,723:INFO:            requests: 2.31.0
2023-10-25 17:04:28,723:INFO:          matplotlib: 3.7.1
2023-10-25 17:04:28,723:INFO:          scikitplot: 0.3.7
2023-10-25 17:04:28,723:INFO:         yellowbrick: 1.5
2023-10-25 17:04:28,723:INFO:              plotly: 5.16.0
2023-10-25 17:04:28,723:INFO:    plotly-resampler: Not installed
2023-10-25 17:04:28,723:INFO:             kaleido: 0.2.1
2023-10-25 17:04:28,723:INFO:           schemdraw: 0.15
2023-10-25 17:04:28,723:INFO:         statsmodels: 0.14.0
2023-10-25 17:04:28,723:INFO:              sktime: 0.21.1
2023-10-25 17:04:28,723:INFO:               tbats: 1.1.3
2023-10-25 17:04:28,723:INFO:            pmdarima: 2.0.3
2023-10-25 17:04:28,723:INFO:              psutil: 5.9.5
2023-10-25 17:04:28,723:INFO:          markupsafe: 2.1.3
2023-10-25 17:04:28,723:INFO:             pickle5: Not installed
2023-10-25 17:04:28,723:INFO:         cloudpickle: 2.2.1
2023-10-25 17:04:28,723:INFO:         deprecation: 2.1.0
2023-10-25 17:04:28,723:INFO:              xxhash: 3.3.0
2023-10-25 17:04:28,723:INFO:           wurlitzer: Not installed
2023-10-25 17:04:28,723:INFO:PyCaret optional dependencies:
2023-10-25 17:04:28,723:INFO:                shap: Not installed
2023-10-25 17:04:28,723:INFO:           interpret: Not installed
2023-10-25 17:04:28,723:INFO:                umap: Not installed
2023-10-25 17:04:28,723:INFO:     ydata_profiling: Not installed
2023-10-25 17:04:28,723:INFO:  explainerdashboard: Not installed
2023-10-25 17:04:28,723:INFO:             autoviz: Not installed
2023-10-25 17:04:28,723:INFO:           fairlearn: Not installed
2023-10-25 17:04:28,723:INFO:          deepchecks: Not installed
2023-10-25 17:04:28,723:INFO:             xgboost: Not installed
2023-10-25 17:04:28,723:INFO:            catboost: Not installed
2023-10-25 17:04:28,723:INFO:              kmodes: Not installed
2023-10-25 17:04:28,723:INFO:             mlxtend: Not installed
2023-10-25 17:04:28,723:INFO:       statsforecast: Not installed
2023-10-25 17:04:28,723:INFO:        tune_sklearn: Not installed
2023-10-25 17:04:28,723:INFO:                 ray: Not installed
2023-10-25 17:04:28,723:INFO:            hyperopt: Not installed
2023-10-25 17:04:28,723:INFO:              optuna: Not installed
2023-10-25 17:04:28,723:INFO:               skopt: Not installed
2023-10-25 17:04:28,723:INFO:              mlflow: Not installed
2023-10-25 17:04:28,723:INFO:              gradio: Not installed
2023-10-25 17:04:28,723:INFO:             fastapi: Not installed
2023-10-25 17:04:28,723:INFO:             uvicorn: Not installed
2023-10-25 17:04:28,723:INFO:              m2cgen: Not installed
2023-10-25 17:04:28,723:INFO:           evidently: Not installed
2023-10-25 17:04:28,723:INFO:               fugue: Not installed
2023-10-25 17:04:28,723:INFO:           streamlit: 1.25.0
2023-10-25 17:04:28,723:INFO:             prophet: Not installed
2023-10-25 17:04:28,723:INFO:None
2023-10-25 17:04:28,723:INFO:Set up data.
2023-10-25 17:04:28,739:INFO:Set up folding strategy.
2023-10-25 17:04:28,739:INFO:Set up train/test split.
2023-10-25 17:04:28,740:INFO:Set up index.
2023-10-25 17:04:28,740:INFO:Assigning column types.
2023-10-25 17:04:28,749:INFO:Engine successfully changes for model 'lr' to 'sklearn'.
2023-10-25 17:04:28,798:INFO:Engine for model 'knn' has not been set explicitly, hence returning None.
2023-10-25 17:04:28,799:INFO:Engine for model 'rbfsvm' has not been set explicitly, hence returning None.
2023-10-25 17:04:28,821:WARNING:
'xgboost' is a soft dependency and not included in the pycaret installation. Please run: `pip install xgboost` to install.
Alternately, you can install this by running `pip install pycaret[models]`
2023-10-25 17:04:28,821:WARNING:
'catboost' is a soft dependency and not included in the pycaret installation. Please run: `pip install catboost` to install.
Alternately, you can install this by running `pip install pycaret[models]`
2023-10-25 17:04:28,873:INFO:Engine for model 'knn' has not been set explicitly, hence returning None.
2023-10-25 17:04:28,873:INFO:Engine for model 'rbfsvm' has not been set explicitly, hence returning None.
2023-10-25 17:04:28,906:WARNING:
'xgboost' is a soft dependency and not included in the pycaret installation. Please run: `pip install xgboost` to install.
Alternately, you can install this by running `pip install pycaret[models]`
2023-10-25 17:04:28,906:WARNING:
'catboost' is a soft dependency and not included in the pycaret installation. Please run: `pip install catboost` to install.
Alternately, you can install this by running `pip install pycaret[models]`
2023-10-25 17:04:28,906:INFO:Engine successfully changes for model 'knn' to 'sklearn'.
2023-10-25 17:04:28,972:INFO:Engine for model 'rbfsvm' has not been set explicitly, hence returning None.
2023-10-25 17:04:29,006:WARNING:
'xgboost' is a soft dependency and not included in the pycaret installation. Please run: `pip install xgboost` to install.
Alternately, you can install this by running `pip install pycaret[models]`
2023-10-25 17:04:29,006:WARNING:
'catboost' is a soft dependency and not included in the pycaret installation. Please run: `pip install catboost` to install.
Alternately, you can install this by running `pip install pycaret[models]`
2023-10-25 17:04:29,056:INFO:Engine for model 'rbfsvm' has not been set explicitly, hence returning None.
2023-10-25 17:04:29,090:WARNING:
'xgboost' is a soft dependency and not included in the pycaret installation. Please run: `pip install xgboost` to install.
Alternately, you can install this by running `pip install pycaret[models]`
2023-10-25 17:04:29,090:WARNING:
'catboost' is a soft dependency and not included in the pycaret installation. Please run: `pip install catboost` to install.
Alternately, you can install this by running `pip install pycaret[models]`
2023-10-25 17:04:29,090:INFO:Engine successfully changes for model 'rbfsvm' to 'sklearn'.
2023-10-25 17:04:29,155:WARNING:
'xgboost' is a soft dependency and not included in the pycaret installation. Please run: `pip install xgboost` to install.
Alternately, you can install this by running `pip install pycaret[models]`
2023-10-25 17:04:29,155:WARNING:
'catboost' is a soft dependency and not included in the pycaret installation. Please run: `pip install catboost` to install.
Alternately, you can install this by running `pip install pycaret[models]`
2023-10-25 17:04:29,238:WARNING:
'xgboost' is a soft dependency and not included in the pycaret installation. Please run: `pip install xgboost` to install.
Alternately, you can install this by running `pip install pycaret[models]`
2023-10-25 17:04:29,238:WARNING:
'catboost' is a soft dependency and not included in the pycaret installation. Please run: `pip install catboost` to install.
Alternately, you can install this by running `pip install pycaret[models]`
2023-10-25 17:04:29,238:INFO:Preparing preprocessing pipeline...
2023-10-25 17:04:29,238:INFO:Set up simple imputation.
2023-10-25 17:04:29,254:INFO:Finished creating preprocessing pipeline.
2023-10-25 17:04:29,254:INFO:Pipeline: Pipeline(memory=FastMemory(location=C:\Users\XPS956~1\AppData\Local\Temp\joblib),
         steps=[('numerical_imputer',
                 TransformerWrapper(exclude=None,
                                    include=['Gender_x', 'Age', 'Height',
                                             'Weight',
                                             'family_history_with_overweight',
                                             'FAVC', 'FCVC', 'NCP', 'CAEC',
                                             'SMOKE', 'CH2O', 'SCC', 'FAF',
                                             'TUE', 'CALC', 'MTRANS',
                                             'NObeyesdad'],
                                    transformer=SimpleImputer(add_indicator=Fa...
                                                              copy=True,
                                                              fill_value=None,
                                                              keep_empty_features=False,
                                                              missing_values=nan,
                                                              strategy='mean',
                                                              verbose='deprecated'))),
                ('categorical_imputer',
                 TransformerWrapper(exclude=None, include=[],
                                    transformer=SimpleImputer(add_indicator=False,
                                                              copy=True,
                                                              fill_value=None,
                                                              keep_empty_features=False,
                                                              missing_values=nan,
                                                              strategy='most_frequent',
                                                              verbose='deprecated')))],
         verbose=False)
2023-10-25 17:04:29,254:INFO:Creating final display dataframe.
2023-10-25 17:04:29,301:INFO:Setup _display_container:                     Description             Value
0                    Session id               123
1                        Target          Gender_y
2                   Target type            Binary
3           Original data shape        (2111, 18)
4        Transformed data shape        (2111, 18)
5   Transformed train set shape        (1477, 18)
6    Transformed test set shape         (634, 18)
7              Numeric features                17
8                    Preprocess              True
9               Imputation type            simple
10           Numeric imputation              mean
11       Categorical imputation              mode
12               Fold Generator   StratifiedKFold
13                  Fold Number                10
14                     CPU Jobs                -1
15                      Use GPU             False
16               Log Experiment             False
17              Experiment Name  clf-default-name
18                          USI              4ecc
2023-10-25 17:04:29,393:WARNING:
'xgboost' is a soft dependency and not included in the pycaret installation. Please run: `pip install xgboost` to install.
Alternately, you can install this by running `pip install pycaret[models]`
2023-10-25 17:04:29,393:WARNING:
'catboost' is a soft dependency and not included in the pycaret installation. Please run: `pip install catboost` to install.
Alternately, you can install this by running `pip install pycaret[models]`
2023-10-25 17:04:29,467:WARNING:
'xgboost' is a soft dependency and not included in the pycaret installation. Please run: `pip install xgboost` to install.
Alternately, you can install this by running `pip install pycaret[models]`
2023-10-25 17:04:29,467:WARNING:
'catboost' is a soft dependency and not included in the pycaret installation. Please run: `pip install catboost` to install.
Alternately, you can install this by running `pip install pycaret[models]`
2023-10-25 17:04:29,468:INFO:setup() successfully completed in 2.04s...............
2023-10-25 17:04:29,474:INFO:Initializing compare_models()
2023-10-25 17:04:29,474:INFO:compare_models(self=<pycaret.classification.oop.ClassificationExperiment object at 0x000001AAD618A770>, include=['lr', 'dt', 'rf', 'et', 'knn', 'ridge', 'svm', 'dummy'], fold=None, round=4, cross_validation=True, sort=Accuracy, n_select=1, budget_time=None, turbo=True, errors=ignore, fit_kwargs=None, groups=None, experiment_custom_tags=None, probability_threshold=None, verbose=True, parallel=None, caller_params={'self': <pycaret.classification.oop.ClassificationExperiment object at 0x000001AAD618A770>, 'include': ['lr', 'dt', 'rf', 'et', 'knn', 'ridge', 'svm', 'dummy'], 'exclude': None, 'fold': None, 'round': 4, 'cross_validation': True, 'sort': 'Accuracy', 'n_select': 1, 'budget_time': None, 'turbo': True, 'errors': 'ignore', 'fit_kwargs': None, 'groups': None, 'experiment_custom_tags': None, 'probability_threshold': None, 'engine': None, 'verbose': True, 'parallel': None, '__class__': <class 'pycaret.classification.oop.ClassificationExperiment'>}, exclude=None)
2023-10-25 17:04:29,474:INFO:Checking exceptions
2023-10-25 17:04:29,481:INFO:Preparing display monitor
2023-10-25 17:04:29,482:INFO:Initializing Logistic Regression
2023-10-25 17:04:29,482:INFO:Total runtime is 0.0 minutes
2023-10-25 17:04:29,482:INFO:SubProcess create_model() called ==================================
2023-10-25 17:04:29,482:INFO:Initializing create_model()
2023-10-25 17:04:29,482:INFO:create_model(self=<pycaret.classification.oop.ClassificationExperiment object at 0x000001AAD618A770>, estimator=lr, fold=StratifiedKFold(n_splits=10, random_state=None, shuffle=False), round=4, cross_validation=True, predict=True, fit_kwargs={}, groups=None, refit=False, probability_threshold=None, experiment_custom_tags=None, verbose=False, system=False, add_to_model_list=True, metrics=None, display=<pycaret.internal.display.display.CommonDisplay object at 0x000001AAC06E7940>, model_only=True, return_train_score=False, kwargs={})
2023-10-25 17:04:29,482:INFO:Checking exceptions
2023-10-25 17:04:29,482:INFO:Importing libraries
2023-10-25 17:04:29,482:INFO:Copying training dataset
2023-10-25 17:04:29,494:INFO:Defining folds
2023-10-25 17:04:29,494:INFO:Declaring metric variables
2023-10-25 17:04:29,494:INFO:Importing untrained model
2023-10-25 17:04:29,494:INFO:Logistic Regression Imported successfully
2023-10-25 17:04:29,495:INFO:Starting cross validation
2023-10-25 17:04:29,496:INFO:Cross validating with StratifiedKFold(n_splits=10, random_state=None, shuffle=False), n_jobs=-1
2023-10-25 17:04:30,023:INFO:Calculating mean and std
2023-10-25 17:04:30,023:INFO:Creating metrics dataframe
2023-10-25 17:04:30,023:INFO:Uploading results into container
2023-10-25 17:04:30,023:INFO:Uploading model into container now
2023-10-25 17:04:30,023:INFO:_master_model_container: 1
2023-10-25 17:04:30,023:INFO:_display_container: 2
2023-10-25 17:04:30,023:INFO:LogisticRegression(C=1.0, class_weight=None, dual=False, fit_intercept=True,
                   intercept_scaling=1, l1_ratio=None, max_iter=1000,
                   multi_class='auto', n_jobs=None, penalty='l2',
                   random_state=123, solver='lbfgs', tol=0.0001, verbose=0,
                   warm_start=False)
2023-10-25 17:04:30,023:INFO:create_model() successfully completed......................................
2023-10-25 17:04:30,121:INFO:SubProcess create_model() end ==================================
2023-10-25 17:04:30,121:INFO:Creating metrics dataframe
2023-10-25 17:04:30,121:INFO:Initializing Decision Tree Classifier
2023-10-25 17:04:30,121:INFO:Total runtime is 0.010654012362162272 minutes
2023-10-25 17:04:30,121:INFO:SubProcess create_model() called ==================================
2023-10-25 17:04:30,121:INFO:Initializing create_model()
2023-10-25 17:04:30,121:INFO:create_model(self=<pycaret.classification.oop.ClassificationExperiment object at 0x000001AAD618A770>, estimator=dt, fold=StratifiedKFold(n_splits=10, random_state=None, shuffle=False), round=4, cross_validation=True, predict=True, fit_kwargs={}, groups=None, refit=False, probability_threshold=None, experiment_custom_tags=None, verbose=False, system=False, add_to_model_list=True, metrics=None, display=<pycaret.internal.display.display.CommonDisplay object at 0x000001AAC06E7940>, model_only=True, return_train_score=False, kwargs={})
2023-10-25 17:04:30,121:INFO:Checking exceptions
2023-10-25 17:04:30,121:INFO:Importing libraries
2023-10-25 17:04:30,121:INFO:Copying training dataset
2023-10-25 17:04:30,136:INFO:Defining folds
2023-10-25 17:04:30,136:INFO:Declaring metric variables
2023-10-25 17:04:30,136:INFO:Importing untrained model
2023-10-25 17:04:30,136:INFO:Decision Tree Classifier Imported successfully
2023-10-25 17:04:30,136:INFO:Starting cross validation
2023-10-25 17:04:30,136:INFO:Cross validating with StratifiedKFold(n_splits=10, random_state=None, shuffle=False), n_jobs=-1
2023-10-25 17:04:30,238:INFO:Calculating mean and std
2023-10-25 17:04:30,238:INFO:Creating metrics dataframe
2023-10-25 17:04:30,238:INFO:Uploading results into container
2023-10-25 17:04:30,238:INFO:Uploading model into container now
2023-10-25 17:04:30,238:INFO:_master_model_container: 2
2023-10-25 17:04:30,238:INFO:_display_container: 2
2023-10-25 17:04:30,238:INFO:DecisionTreeClassifier(ccp_alpha=0.0, class_weight=None, criterion='gini',
                       max_depth=None, max_features=None, max_leaf_nodes=None,
                       min_impurity_decrease=0.0, min_samples_leaf=1,
                       min_samples_split=2, min_weight_fraction_leaf=0.0,
                       random_state=123, splitter='best')
2023-10-25 17:04:30,238:INFO:create_model() successfully completed......................................
2023-10-25 17:04:30,301:INFO:SubProcess create_model() end ==================================
2023-10-25 17:04:30,301:INFO:Creating metrics dataframe
2023-10-25 17:04:30,317:INFO:Initializing Random Forest Classifier
2023-10-25 17:04:30,317:INFO:Total runtime is 0.01392304499944051 minutes
2023-10-25 17:04:30,317:INFO:SubProcess create_model() called ==================================
2023-10-25 17:04:30,317:INFO:Initializing create_model()
2023-10-25 17:04:30,317:INFO:create_model(self=<pycaret.classification.oop.ClassificationExperiment object at 0x000001AAD618A770>, estimator=rf, fold=StratifiedKFold(n_splits=10, random_state=None, shuffle=False), round=4, cross_validation=True, predict=True, fit_kwargs={}, groups=None, refit=False, probability_threshold=None, experiment_custom_tags=None, verbose=False, system=False, add_to_model_list=True, metrics=None, display=<pycaret.internal.display.display.CommonDisplay object at 0x000001AAC06E7940>, model_only=True, return_train_score=False, kwargs={})
2023-10-25 17:04:30,317:INFO:Checking exceptions
2023-10-25 17:04:30,317:INFO:Importing libraries
2023-10-25 17:04:30,317:INFO:Copying training dataset
2023-10-25 17:04:30,317:INFO:Defining folds
2023-10-25 17:04:30,317:INFO:Declaring metric variables
2023-10-25 17:04:30,317:INFO:Importing untrained model
2023-10-25 17:04:30,317:INFO:Random Forest Classifier Imported successfully
2023-10-25 17:04:30,317:INFO:Starting cross validation
2023-10-25 17:04:30,317:INFO:Cross validating with StratifiedKFold(n_splits=10, random_state=None, shuffle=False), n_jobs=-1
2023-10-25 17:04:31,335:INFO:Calculating mean and std
2023-10-25 17:04:31,335:INFO:Creating metrics dataframe
2023-10-25 17:04:31,335:INFO:Uploading results into container
2023-10-25 17:04:31,335:INFO:Uploading model into container now
2023-10-25 17:04:31,335:INFO:_master_model_container: 3
2023-10-25 17:04:31,335:INFO:_display_container: 2
2023-10-25 17:04:31,335:INFO:RandomForestClassifier(bootstrap=True, ccp_alpha=0.0, class_weight=None,
                       criterion='gini', max_depth=None, max_features='sqrt',
                       max_leaf_nodes=None, max_samples=None,
                       min_impurity_decrease=0.0, min_samples_leaf=1,
                       min_samples_split=2, min_weight_fraction_leaf=0.0,
                       n_estimators=100, n_jobs=-1, oob_score=False,
                       random_state=123, verbose=0, warm_start=False)
2023-10-25 17:04:31,335:INFO:create_model() successfully completed......................................
2023-10-25 17:04:31,508:INFO:SubProcess create_model() end ==================================
2023-10-25 17:04:31,508:INFO:Creating metrics dataframe
2023-10-25 17:04:31,522:INFO:Initializing Extra Trees Classifier
2023-10-25 17:04:31,522:INFO:Total runtime is 0.034007894992828365 minutes
2023-10-25 17:04:31,522:INFO:SubProcess create_model() called ==================================
2023-10-25 17:04:31,523:INFO:Initializing create_model()
2023-10-25 17:04:31,523:INFO:create_model(self=<pycaret.classification.oop.ClassificationExperiment object at 0x000001AAD618A770>, estimator=et, fold=StratifiedKFold(n_splits=10, random_state=None, shuffle=False), round=4, cross_validation=True, predict=True, fit_kwargs={}, groups=None, refit=False, probability_threshold=None, experiment_custom_tags=None, verbose=False, system=False, add_to_model_list=True, metrics=None, display=<pycaret.internal.display.display.CommonDisplay object at 0x000001AAC06E7940>, model_only=True, return_train_score=False, kwargs={})
2023-10-25 17:04:31,523:INFO:Checking exceptions
2023-10-25 17:04:31,523:INFO:Importing libraries
2023-10-25 17:04:31,523:INFO:Copying training dataset
2023-10-25 17:04:31,525:INFO:Defining folds
2023-10-25 17:04:31,525:INFO:Declaring metric variables
2023-10-25 17:04:31,525:INFO:Importing untrained model
2023-10-25 17:04:31,525:INFO:Extra Trees Classifier Imported successfully
2023-10-25 17:04:31,525:INFO:Starting cross validation
2023-10-25 17:04:31,525:INFO:Cross validating with StratifiedKFold(n_splits=10, random_state=None, shuffle=False), n_jobs=-1
2023-10-25 17:04:32,364:INFO:Calculating mean and std
2023-10-25 17:04:32,364:INFO:Creating metrics dataframe
2023-10-25 17:04:32,364:INFO:Uploading results into container
2023-10-25 17:04:32,364:INFO:Uploading model into container now
2023-10-25 17:04:32,364:INFO:_master_model_container: 4
2023-10-25 17:04:32,364:INFO:_display_container: 2
2023-10-25 17:04:32,364:INFO:ExtraTreesClassifier(bootstrap=False, ccp_alpha=0.0, class_weight=None,
                     criterion='gini', max_depth=None, max_features='sqrt',
                     max_leaf_nodes=None, max_samples=None,
                     min_impurity_decrease=0.0, min_samples_leaf=1,
                     min_samples_split=2, min_weight_fraction_leaf=0.0,
                     n_estimators=100, n_jobs=-1, oob_score=False,
                     random_state=123, verbose=0, warm_start=False)
2023-10-25 17:04:32,364:INFO:create_model() successfully completed......................................
2023-10-25 17:04:32,437:INFO:SubProcess create_model() end ==================================
2023-10-25 17:04:32,437:INFO:Creating metrics dataframe
2023-10-25 17:04:32,437:INFO:Initializing K Neighbors Classifier
2023-10-25 17:04:32,437:INFO:Total runtime is 0.049264164765675855 minutes
2023-10-25 17:04:32,437:INFO:SubProcess create_model() called ==================================
2023-10-25 17:04:32,437:INFO:Initializing create_model()
2023-10-25 17:04:32,437:INFO:create_model(self=<pycaret.classification.oop.ClassificationExperiment object at 0x000001AAD618A770>, estimator=knn, fold=StratifiedKFold(n_splits=10, random_state=None, shuffle=False), round=4, cross_validation=True, predict=True, fit_kwargs={}, groups=None, refit=False, probability_threshold=None, experiment_custom_tags=None, verbose=False, system=False, add_to_model_list=True, metrics=None, display=<pycaret.internal.display.display.CommonDisplay object at 0x000001AAC06E7940>, model_only=True, return_train_score=False, kwargs={})
2023-10-25 17:04:32,437:INFO:Checking exceptions
2023-10-25 17:04:32,437:INFO:Importing libraries
2023-10-25 17:04:32,437:INFO:Copying training dataset
2023-10-25 17:04:32,455:INFO:Defining folds
2023-10-25 17:04:32,455:INFO:Declaring metric variables
2023-10-25 17:04:32,455:INFO:Importing untrained model
2023-10-25 17:04:32,455:INFO:K Neighbors Classifier Imported successfully
2023-10-25 17:04:32,455:INFO:Starting cross validation
2023-10-25 17:04:32,455:INFO:Cross validating with StratifiedKFold(n_splits=10, random_state=None, shuffle=False), n_jobs=-1
2023-10-25 17:04:32,752:INFO:Calculating mean and std
2023-10-25 17:04:32,753:INFO:Creating metrics dataframe
2023-10-25 17:04:32,756:INFO:Uploading results into container
2023-10-25 17:04:32,756:INFO:Uploading model into container now
2023-10-25 17:04:32,756:INFO:_master_model_container: 5
2023-10-25 17:04:32,756:INFO:_display_container: 2
2023-10-25 17:04:32,756:INFO:KNeighborsClassifier(algorithm='auto', leaf_size=30, metric='minkowski',
                     metric_params=None, n_jobs=-1, n_neighbors=5, p=2,
                     weights='uniform')
2023-10-25 17:04:32,756:INFO:create_model() successfully completed......................................
2023-10-25 17:04:32,822:INFO:SubProcess create_model() end ==================================
2023-10-25 17:04:32,822:INFO:Creating metrics dataframe
2023-10-25 17:04:32,838:INFO:Initializing Ridge Classifier
2023-10-25 17:04:32,838:INFO:Total runtime is 0.05594091415405272 minutes
2023-10-25 17:04:32,838:INFO:SubProcess create_model() called ==================================
2023-10-25 17:04:32,838:INFO:Initializing create_model()
2023-10-25 17:04:32,838:INFO:create_model(self=<pycaret.classification.oop.ClassificationExperiment object at 0x000001AAD618A770>, estimator=ridge, fold=StratifiedKFold(n_splits=10, random_state=None, shuffle=False), round=4, cross_validation=True, predict=True, fit_kwargs={}, groups=None, refit=False, probability_threshold=None, experiment_custom_tags=None, verbose=False, system=False, add_to_model_list=True, metrics=None, display=<pycaret.internal.display.display.CommonDisplay object at 0x000001AAC06E7940>, model_only=True, return_train_score=False, kwargs={})
2023-10-25 17:04:32,838:INFO:Checking exceptions
2023-10-25 17:04:32,838:INFO:Importing libraries
2023-10-25 17:04:32,838:INFO:Copying training dataset
2023-10-25 17:04:32,838:INFO:Defining folds
2023-10-25 17:04:32,838:INFO:Declaring metric variables
2023-10-25 17:04:32,838:INFO:Importing untrained model
2023-10-25 17:04:32,838:INFO:Ridge Classifier Imported successfully
2023-10-25 17:04:32,838:INFO:Starting cross validation
2023-10-25 17:04:32,838:INFO:Cross validating with StratifiedKFold(n_splits=10, random_state=None, shuffle=False), n_jobs=-1
2023-10-25 17:04:32,917:WARNING:C:\Users\XPS 9560\AppData\Local\Programs\Python\Python310\lib\site-packages\pycaret\internal\metrics.py:190: FitFailedWarning: Metric 'make_scorer(roc_auc_score, needs_proba=True, error_score=0.0, average=weighted, multi_class=ovr)' failed and error score 0.0 has been returned instead. If this is a custom metric, this usually means that the error is in the metric code. Full exception below:
Traceback (most recent call last):
  File "C:\Users\XPS 9560\AppData\Local\Programs\Python\Python310\lib\site-packages\sklearn\metrics\_scorer.py", line 76, in _cached_call
    return cache[method]
KeyError: 'predict_proba'

During handling of the above exception, another exception occurred:

Traceback (most recent call last):
  File "C:\Users\XPS 9560\AppData\Local\Programs\Python\Python310\lib\site-packages\pycaret\internal\metrics.py", line 182, in _score
    return super()._score(
  File "C:\Users\XPS 9560\AppData\Local\Programs\Python\Python310\lib\site-packages\sklearn\metrics\_scorer.py", line 316, in _score
    y_pred = method_caller(clf, "predict_proba", X)
  File "C:\Users\XPS 9560\AppData\Local\Programs\Python\Python310\lib\site-packages\sklearn\metrics\_scorer.py", line 78, in _cached_call
    result = getattr(estimator, method)(*args, **kwargs)
AttributeError: 'RidgeClassifier' object has no attribute 'predict_proba'

  warnings.warn(

2023-10-25 17:04:32,917:WARNING:C:\Users\XPS 9560\AppData\Local\Programs\Python\Python310\lib\site-packages\pycaret\internal\metrics.py:190: FitFailedWarning: Metric 'make_scorer(roc_auc_score, needs_proba=True, error_score=0.0, average=weighted, multi_class=ovr)' failed and error score 0.0 has been returned instead. If this is a custom metric, this usually means that the error is in the metric code. Full exception below:
Traceback (most recent call last):
  File "C:\Users\XPS 9560\AppData\Local\Programs\Python\Python310\lib\site-packages\sklearn\metrics\_scorer.py", line 76, in _cached_call
    return cache[method]
KeyError: 'predict_proba'

During handling of the above exception, another exception occurred:

Traceback (most recent call last):
  File "C:\Users\XPS 9560\AppData\Local\Programs\Python\Python310\lib\site-packages\pycaret\internal\metrics.py", line 182, in _score
    return super()._score(
  File "C:\Users\XPS 9560\AppData\Local\Programs\Python\Python310\lib\site-packages\sklearn\metrics\_scorer.py", line 316, in _score
    y_pred = method_caller(clf, "predict_proba", X)
  File "C:\Users\XPS 9560\AppData\Local\Programs\Python\Python310\lib\site-packages\sklearn\metrics\_scorer.py", line 78, in _cached_call
    result = getattr(estimator, method)(*args, **kwargs)
AttributeError: 'RidgeClassifier' object has no attribute 'predict_proba'

  warnings.warn(

2023-10-25 17:04:32,917:WARNING:C:\Users\XPS 9560\AppData\Local\Programs\Python\Python310\lib\site-packages\pycaret\internal\metrics.py:190: FitFailedWarning: Metric 'make_scorer(roc_auc_score, needs_proba=True, error_score=0.0, average=weighted, multi_class=ovr)' failed and error score 0.0 has been returned instead. If this is a custom metric, this usually means that the error is in the metric code. Full exception below:
Traceback (most recent call last):
  File "C:\Users\XPS 9560\AppData\Local\Programs\Python\Python310\lib\site-packages\sklearn\metrics\_scorer.py", line 76, in _cached_call
    return cache[method]
KeyError: 'predict_proba'

During handling of the above exception, another exception occurred:

Traceback (most recent call last):
  File "C:\Users\XPS 9560\AppData\Local\Programs\Python\Python310\lib\site-packages\pycaret\internal\metrics.py", line 182, in _score
    return super()._score(
  File "C:\Users\XPS 9560\AppData\Local\Programs\Python\Python310\lib\site-packages\sklearn\metrics\_scorer.py", line 316, in _score
    y_pred = method_caller(clf, "predict_proba", X)
  File "C:\Users\XPS 9560\AppData\Local\Programs\Python\Python310\lib\site-packages\sklearn\metrics\_scorer.py", line 78, in _cached_call
    result = getattr(estimator, method)(*args, **kwargs)
AttributeError: 'RidgeClassifier' object has no attribute 'predict_proba'

  warnings.warn(

2023-10-25 17:04:32,917:WARNING:C:\Users\XPS 9560\AppData\Local\Programs\Python\Python310\lib\site-packages\pycaret\internal\metrics.py:190: FitFailedWarning: Metric 'make_scorer(roc_auc_score, needs_proba=True, error_score=0.0, average=weighted, multi_class=ovr)' failed and error score 0.0 has been returned instead. If this is a custom metric, this usually means that the error is in the metric code. Full exception below:
Traceback (most recent call last):
  File "C:\Users\XPS 9560\AppData\Local\Programs\Python\Python310\lib\site-packages\sklearn\metrics\_scorer.py", line 76, in _cached_call
    return cache[method]
KeyError: 'predict_proba'

During handling of the above exception, another exception occurred:

Traceback (most recent call last):
  File "C:\Users\XPS 9560\AppData\Local\Programs\Python\Python310\lib\site-packages\pycaret\internal\metrics.py", line 182, in _score
    return super()._score(
  File "C:\Users\XPS 9560\AppData\Local\Programs\Python\Python310\lib\site-packages\sklearn\metrics\_scorer.py", line 316, in _score
    y_pred = method_caller(clf, "predict_proba", X)
  File "C:\Users\XPS 9560\AppData\Local\Programs\Python\Python310\lib\site-packages\sklearn\metrics\_scorer.py", line 78, in _cached_call
    result = getattr(estimator, method)(*args, **kwargs)
AttributeError: 'RidgeClassifier' object has no attribute 'predict_proba'

  warnings.warn(

2023-10-25 17:04:32,917:WARNING:C:\Users\XPS 9560\AppData\Local\Programs\Python\Python310\lib\site-packages\pycaret\internal\metrics.py:190: FitFailedWarning: Metric 'make_scorer(roc_auc_score, needs_proba=True, error_score=0.0, average=weighted, multi_class=ovr)' failed and error score 0.0 has been returned instead. If this is a custom metric, this usually means that the error is in the metric code. Full exception below:
Traceback (most recent call last):
  File "C:\Users\XPS 9560\AppData\Local\Programs\Python\Python310\lib\site-packages\sklearn\metrics\_scorer.py", line 76, in _cached_call
    return cache[method]
KeyError: 'predict_proba'

During handling of the above exception, another exception occurred:

Traceback (most recent call last):
  File "C:\Users\XPS 9560\AppData\Local\Programs\Python\Python310\lib\site-packages\pycaret\internal\metrics.py", line 182, in _score
    return super()._score(
  File "C:\Users\XPS 9560\AppData\Local\Programs\Python\Python310\lib\site-packages\sklearn\metrics\_scorer.py", line 316, in _score
    y_pred = method_caller(clf, "predict_proba", X)
  File "C:\Users\XPS 9560\AppData\Local\Programs\Python\Python310\lib\site-packages\sklearn\metrics\_scorer.py", line 78, in _cached_call
    result = getattr(estimator, method)(*args, **kwargs)
AttributeError: 'RidgeClassifier' object has no attribute 'predict_proba'

  warnings.warn(

2023-10-25 17:04:32,948:WARNING:C:\Users\XPS 9560\AppData\Local\Programs\Python\Python310\lib\site-packages\pycaret\internal\metrics.py:190: FitFailedWarning: Metric 'make_scorer(roc_auc_score, needs_proba=True, error_score=0.0, average=weighted, multi_class=ovr)' failed and error score 0.0 has been returned instead. If this is a custom metric, this usually means that the error is in the metric code. Full exception below:
Traceback (most recent call last):
  File "C:\Users\XPS 9560\AppData\Local\Programs\Python\Python310\lib\site-packages\sklearn\metrics\_scorer.py", line 76, in _cached_call
    return cache[method]
KeyError: 'predict_proba'

During handling of the above exception, another exception occurred:

Traceback (most recent call last):
  File "C:\Users\XPS 9560\AppData\Local\Programs\Python\Python310\lib\site-packages\pycaret\internal\metrics.py", line 182, in _score
    return super()._score(
  File "C:\Users\XPS 9560\AppData\Local\Programs\Python\Python310\lib\site-packages\sklearn\metrics\_scorer.py", line 316, in _score
    y_pred = method_caller(clf, "predict_proba", X)
  File "C:\Users\XPS 9560\AppData\Local\Programs\Python\Python310\lib\site-packages\sklearn\metrics\_scorer.py", line 78, in _cached_call
    result = getattr(estimator, method)(*args, **kwargs)
AttributeError: 'RidgeClassifier' object has no attribute 'predict_proba'

  warnings.warn(

2023-10-25 17:04:32,948:WARNING:C:\Users\XPS 9560\AppData\Local\Programs\Python\Python310\lib\site-packages\pycaret\internal\metrics.py:190: FitFailedWarning: Metric 'make_scorer(roc_auc_score, needs_proba=True, error_score=0.0, average=weighted, multi_class=ovr)' failed and error score 0.0 has been returned instead. If this is a custom metric, this usually means that the error is in the metric code. Full exception below:
Traceback (most recent call last):
  File "C:\Users\XPS 9560\AppData\Local\Programs\Python\Python310\lib\site-packages\sklearn\metrics\_scorer.py", line 76, in _cached_call
    return cache[method]
KeyError: 'predict_proba'

During handling of the above exception, another exception occurred:

Traceback (most recent call last):
  File "C:\Users\XPS 9560\AppData\Local\Programs\Python\Python310\lib\site-packages\pycaret\internal\metrics.py", line 182, in _score
    return super()._score(
  File "C:\Users\XPS 9560\AppData\Local\Programs\Python\Python310\lib\site-packages\sklearn\metrics\_scorer.py", line 316, in _score
    y_pred = method_caller(clf, "predict_proba", X)
  File "C:\Users\XPS 9560\AppData\Local\Programs\Python\Python310\lib\site-packages\sklearn\metrics\_scorer.py", line 78, in _cached_call
    result = getattr(estimator, method)(*args, **kwargs)
AttributeError: 'RidgeClassifier' object has no attribute 'predict_proba'

  warnings.warn(

2023-10-25 17:04:32,964:INFO:Calculating mean and std
2023-10-25 17:04:32,964:INFO:Creating metrics dataframe
2023-10-25 17:04:32,968:INFO:Uploading results into container
2023-10-25 17:04:32,968:INFO:Uploading model into container now
2023-10-25 17:04:32,969:INFO:_master_model_container: 6
2023-10-25 17:04:32,969:INFO:_display_container: 2
2023-10-25 17:04:32,969:INFO:RidgeClassifier(alpha=1.0, class_weight=None, copy_X=True, fit_intercept=True,
                max_iter=None, positive=False, random_state=123, solver='auto',
                tol=0.0001)
2023-10-25 17:04:32,969:INFO:create_model() successfully completed......................................
2023-10-25 17:04:33,046:INFO:SubProcess create_model() end ==================================
2023-10-25 17:04:33,046:INFO:Creating metrics dataframe
2023-10-25 17:04:33,052:INFO:Initializing SVM - Linear Kernel
2023-10-25 17:04:33,052:INFO:Total runtime is 0.05950156847635904 minutes
2023-10-25 17:04:33,052:INFO:SubProcess create_model() called ==================================
2023-10-25 17:04:33,053:INFO:Initializing create_model()
2023-10-25 17:04:33,053:INFO:create_model(self=<pycaret.classification.oop.ClassificationExperiment object at 0x000001AAD618A770>, estimator=svm, fold=StratifiedKFold(n_splits=10, random_state=None, shuffle=False), round=4, cross_validation=True, predict=True, fit_kwargs={}, groups=None, refit=False, probability_threshold=None, experiment_custom_tags=None, verbose=False, system=False, add_to_model_list=True, metrics=None, display=<pycaret.internal.display.display.CommonDisplay object at 0x000001AAC06E7940>, model_only=True, return_train_score=False, kwargs={})
2023-10-25 17:04:33,053:INFO:Checking exceptions
2023-10-25 17:04:33,053:INFO:Importing libraries
2023-10-25 17:04:33,053:INFO:Copying training dataset
2023-10-25 17:04:33,057:INFO:Defining folds
2023-10-25 17:04:33,057:INFO:Declaring metric variables
2023-10-25 17:04:33,057:INFO:Importing untrained model
2023-10-25 17:04:33,058:INFO:SVM - Linear Kernel Imported successfully
2023-10-25 17:04:33,058:INFO:Starting cross validation
2023-10-25 17:04:33,059:INFO:Cross validating with StratifiedKFold(n_splits=10, random_state=None, shuffle=False), n_jobs=-1
2023-10-25 17:04:33,118:WARNING:C:\Users\XPS 9560\AppData\Local\Programs\Python\Python310\lib\site-packages\pycaret\internal\metrics.py:190: FitFailedWarning: Metric 'make_scorer(roc_auc_score, needs_proba=True, error_score=0.0, average=weighted, multi_class=ovr)' failed and error score 0.0 has been returned instead. If this is a custom metric, this usually means that the error is in the metric code. Full exception below:
Traceback (most recent call last):
  File "C:\Users\XPS 9560\AppData\Local\Programs\Python\Python310\lib\site-packages\sklearn\metrics\_scorer.py", line 76, in _cached_call
    return cache[method]
KeyError: 'predict_proba'

During handling of the above exception, another exception occurred:

Traceback (most recent call last):
  File "C:\Users\XPS 9560\AppData\Local\Programs\Python\Python310\lib\site-packages\pycaret\internal\metrics.py", line 182, in _score
    return super()._score(
  File "C:\Users\XPS 9560\AppData\Local\Programs\Python\Python310\lib\site-packages\sklearn\metrics\_scorer.py", line 316, in _score
    y_pred = method_caller(clf, "predict_proba", X)
  File "C:\Users\XPS 9560\AppData\Local\Programs\Python\Python310\lib\site-packages\sklearn\metrics\_scorer.py", line 78, in _cached_call
    result = getattr(estimator, method)(*args, **kwargs)
  File "C:\Users\XPS 9560\AppData\Local\Programs\Python\Python310\lib\site-packages\sklearn\utils\_available_if.py", line 32, in __get__
    if not self.check(obj):
  File "C:\Users\XPS 9560\AppData\Local\Programs\Python\Python310\lib\site-packages\sklearn\linear_model\_stochastic_gradient.py", line 1235, in _check_proba
    raise AttributeError(
AttributeError: probability estimates are not available for loss='hinge'

  warnings.warn(

2023-10-25 17:04:33,118:WARNING:C:\Users\XPS 9560\AppData\Local\Programs\Python\Python310\lib\site-packages\pycaret\internal\metrics.py:190: FitFailedWarning: Metric 'make_scorer(roc_auc_score, needs_proba=True, error_score=0.0, average=weighted, multi_class=ovr)' failed and error score 0.0 has been returned instead. If this is a custom metric, this usually means that the error is in the metric code. Full exception below:
Traceback (most recent call last):
  File "C:\Users\XPS 9560\AppData\Local\Programs\Python\Python310\lib\site-packages\sklearn\metrics\_scorer.py", line 76, in _cached_call
    return cache[method]
KeyError: 'predict_proba'

During handling of the above exception, another exception occurred:

Traceback (most recent call last):
  File "C:\Users\XPS 9560\AppData\Local\Programs\Python\Python310\lib\site-packages\pycaret\internal\metrics.py", line 182, in _score
    return super()._score(
  File "C:\Users\XPS 9560\AppData\Local\Programs\Python\Python310\lib\site-packages\sklearn\metrics\_scorer.py", line 316, in _score
    y_pred = method_caller(clf, "predict_proba", X)
  File "C:\Users\XPS 9560\AppData\Local\Programs\Python\Python310\lib\site-packages\sklearn\metrics\_scorer.py", line 78, in _cached_call
    result = getattr(estimator, method)(*args, **kwargs)
  File "C:\Users\XPS 9560\AppData\Local\Programs\Python\Python310\lib\site-packages\sklearn\utils\_available_if.py", line 32, in __get__
    if not self.check(obj):
  File "C:\Users\XPS 9560\AppData\Local\Programs\Python\Python310\lib\site-packages\sklearn\linear_model\_stochastic_gradient.py", line 1235, in _check_proba
    raise AttributeError(
AttributeError: probability estimates are not available for loss='hinge'

  warnings.warn(

2023-10-25 17:04:33,118:WARNING:C:\Users\XPS 9560\AppData\Local\Programs\Python\Python310\lib\site-packages\pycaret\internal\metrics.py:190: FitFailedWarning: Metric 'make_scorer(roc_auc_score, needs_proba=True, error_score=0.0, average=weighted, multi_class=ovr)' failed and error score 0.0 has been returned instead. If this is a custom metric, this usually means that the error is in the metric code. Full exception below:
Traceback (most recent call last):
  File "C:\Users\XPS 9560\AppData\Local\Programs\Python\Python310\lib\site-packages\sklearn\metrics\_scorer.py", line 76, in _cached_call
    return cache[method]
KeyError: 'predict_proba'

During handling of the above exception, another exception occurred:

Traceback (most recent call last):
  File "C:\Users\XPS 9560\AppData\Local\Programs\Python\Python310\lib\site-packages\pycaret\internal\metrics.py", line 182, in _score
    return super()._score(
  File "C:\Users\XPS 9560\AppData\Local\Programs\Python\Python310\lib\site-packages\sklearn\metrics\_scorer.py", line 316, in _score
    y_pred = method_caller(clf, "predict_proba", X)
  File "C:\Users\XPS 9560\AppData\Local\Programs\Python\Python310\lib\site-packages\sklearn\metrics\_scorer.py", line 78, in _cached_call
    result = getattr(estimator, method)(*args, **kwargs)
  File "C:\Users\XPS 9560\AppData\Local\Programs\Python\Python310\lib\site-packages\sklearn\utils\_available_if.py", line 32, in __get__
    if not self.check(obj):
  File "C:\Users\XPS 9560\AppData\Local\Programs\Python\Python310\lib\site-packages\sklearn\linear_model\_stochastic_gradient.py", line 1235, in _check_proba
    raise AttributeError(
AttributeError: probability estimates are not available for loss='hinge'

  warnings.warn(

2023-10-25 17:04:33,118:WARNING:C:\Users\XPS 9560\AppData\Local\Programs\Python\Python310\lib\site-packages\pycaret\internal\metrics.py:190: FitFailedWarning: Metric 'make_scorer(roc_auc_score, needs_proba=True, error_score=0.0, average=weighted, multi_class=ovr)' failed and error score 0.0 has been returned instead. If this is a custom metric, this usually means that the error is in the metric code. Full exception below:
Traceback (most recent call last):
  File "C:\Users\XPS 9560\AppData\Local\Programs\Python\Python310\lib\site-packages\sklearn\metrics\_scorer.py", line 76, in _cached_call
    return cache[method]
KeyError: 'predict_proba'

During handling of the above exception, another exception occurred:

Traceback (most recent call last):
  File "C:\Users\XPS 9560\AppData\Local\Programs\Python\Python310\lib\site-packages\pycaret\internal\metrics.py", line 182, in _score
    return super()._score(
  File "C:\Users\XPS 9560\AppData\Local\Programs\Python\Python310\lib\site-packages\sklearn\metrics\_scorer.py", line 316, in _score
    y_pred = method_caller(clf, "predict_proba", X)
  File "C:\Users\XPS 9560\AppData\Local\Programs\Python\Python310\lib\site-packages\sklearn\metrics\_scorer.py", line 78, in _cached_call
    result = getattr(estimator, method)(*args, **kwargs)
  File "C:\Users\XPS 9560\AppData\Local\Programs\Python\Python310\lib\site-packages\sklearn\utils\_available_if.py", line 32, in __get__
    if not self.check(obj):
  File "C:\Users\XPS 9560\AppData\Local\Programs\Python\Python310\lib\site-packages\sklearn\linear_model\_stochastic_gradient.py", line 1235, in _check_proba
    raise AttributeError(
AttributeError: probability estimates are not available for loss='hinge'

  warnings.warn(

2023-10-25 17:04:33,149:WARNING:C:\Users\XPS 9560\AppData\Local\Programs\Python\Python310\lib\site-packages\pycaret\internal\metrics.py:190: FitFailedWarning: Metric 'make_scorer(roc_auc_score, needs_proba=True, error_score=0.0, average=weighted, multi_class=ovr)' failed and error score 0.0 has been returned instead. If this is a custom metric, this usually means that the error is in the metric code. Full exception below:
Traceback (most recent call last):
  File "C:\Users\XPS 9560\AppData\Local\Programs\Python\Python310\lib\site-packages\sklearn\metrics\_scorer.py", line 76, in _cached_call
    return cache[method]
KeyError: 'predict_proba'

During handling of the above exception, another exception occurred:

Traceback (most recent call last):
  File "C:\Users\XPS 9560\AppData\Local\Programs\Python\Python310\lib\site-packages\pycaret\internal\metrics.py", line 182, in _score
    return super()._score(
  File "C:\Users\XPS 9560\AppData\Local\Programs\Python\Python310\lib\site-packages\sklearn\metrics\_scorer.py", line 316, in _score
    y_pred = method_caller(clf, "predict_proba", X)
  File "C:\Users\XPS 9560\AppData\Local\Programs\Python\Python310\lib\site-packages\sklearn\metrics\_scorer.py", line 78, in _cached_call
    result = getattr(estimator, method)(*args, **kwargs)
  File "C:\Users\XPS 9560\AppData\Local\Programs\Python\Python310\lib\site-packages\sklearn\utils\_available_if.py", line 32, in __get__
    if not self.check(obj):
  File "C:\Users\XPS 9560\AppData\Local\Programs\Python\Python310\lib\site-packages\sklearn\linear_model\_stochastic_gradient.py", line 1235, in _check_proba
    raise AttributeError(
AttributeError: probability estimates are not available for loss='hinge'

  warnings.warn(

2023-10-25 17:04:33,149:WARNING:C:\Users\XPS 9560\AppData\Local\Programs\Python\Python310\lib\site-packages\pycaret\internal\metrics.py:190: FitFailedWarning: Metric 'make_scorer(roc_auc_score, needs_proba=True, error_score=0.0, average=weighted, multi_class=ovr)' failed and error score 0.0 has been returned instead. If this is a custom metric, this usually means that the error is in the metric code. Full exception below:
Traceback (most recent call last):
  File "C:\Users\XPS 9560\AppData\Local\Programs\Python\Python310\lib\site-packages\sklearn\metrics\_scorer.py", line 76, in _cached_call
    return cache[method]
KeyError: 'predict_proba'

During handling of the above exception, another exception occurred:

Traceback (most recent call last):
  File "C:\Users\XPS 9560\AppData\Local\Programs\Python\Python310\lib\site-packages\pycaret\internal\metrics.py", line 182, in _score
    return super()._score(
  File "C:\Users\XPS 9560\AppData\Local\Programs\Python\Python310\lib\site-packages\sklearn\metrics\_scorer.py", line 316, in _score
    y_pred = method_caller(clf, "predict_proba", X)
  File "C:\Users\XPS 9560\AppData\Local\Programs\Python\Python310\lib\site-packages\sklearn\metrics\_scorer.py", line 78, in _cached_call
    result = getattr(estimator, method)(*args, **kwargs)
  File "C:\Users\XPS 9560\AppData\Local\Programs\Python\Python310\lib\site-packages\sklearn\utils\_available_if.py", line 32, in __get__
    if not self.check(obj):
  File "C:\Users\XPS 9560\AppData\Local\Programs\Python\Python310\lib\site-packages\sklearn\linear_model\_stochastic_gradient.py", line 1235, in _check_proba
    raise AttributeError(
AttributeError: probability estimates are not available for loss='hinge'

  warnings.warn(

2023-10-25 17:04:33,166:INFO:Calculating mean and std
2023-10-25 17:04:33,166:INFO:Creating metrics dataframe
2023-10-25 17:04:33,170:INFO:Uploading results into container
2023-10-25 17:04:33,170:INFO:Uploading model into container now
2023-10-25 17:04:33,170:INFO:_master_model_container: 7
2023-10-25 17:04:33,170:INFO:_display_container: 2
2023-10-25 17:04:33,170:INFO:SGDClassifier(alpha=0.0001, average=False, class_weight=None,
              early_stopping=False, epsilon=0.1, eta0=0.001, fit_intercept=True,
              l1_ratio=0.15, learning_rate='optimal', loss='hinge',
              max_iter=1000, n_iter_no_change=5, n_jobs=-1, penalty='l2',
              power_t=0.5, random_state=123, shuffle=True, tol=0.001,
              validation_fraction=0.1, verbose=0, warm_start=False)
2023-10-25 17:04:33,170:INFO:create_model() successfully completed......................................
2023-10-25 17:04:33,237:INFO:SubProcess create_model() end ==================================
2023-10-25 17:04:33,237:INFO:Creating metrics dataframe
2023-10-25 17:04:33,269:INFO:Initializing Dummy Classifier
2023-10-25 17:04:33,271:INFO:Total runtime is 0.06313920418421426 minutes
2023-10-25 17:04:33,282:INFO:SubProcess create_model() called ==================================
2023-10-25 17:04:33,287:INFO:Initializing create_model()
2023-10-25 17:04:33,288:INFO:create_model(self=<pycaret.classification.oop.ClassificationExperiment object at 0x000001AAD618A770>, estimator=dummy, fold=StratifiedKFold(n_splits=10, random_state=None, shuffle=False), round=4, cross_validation=True, predict=True, fit_kwargs={}, groups=None, refit=False, probability_threshold=None, experiment_custom_tags=None, verbose=False, system=False, add_to_model_list=True, metrics=None, display=<pycaret.internal.display.display.CommonDisplay object at 0x000001AAC06E7940>, model_only=True, return_train_score=False, kwargs={})
2023-10-25 17:04:33,288:INFO:Checking exceptions
2023-10-25 17:04:33,289:INFO:Importing libraries
2023-10-25 17:04:33,290:INFO:Copying training dataset
2023-10-25 17:04:33,304:INFO:Defining folds
2023-10-25 17:04:33,304:INFO:Declaring metric variables
2023-10-25 17:04:33,304:INFO:Importing untrained model
2023-10-25 17:04:33,304:INFO:Dummy Classifier Imported successfully
2023-10-25 17:04:33,304:INFO:Starting cross validation
2023-10-25 17:04:33,304:INFO:Cross validating with StratifiedKFold(n_splits=10, random_state=None, shuffle=False), n_jobs=-1
2023-10-25 17:04:33,665:INFO:Calculating mean and std
2023-10-25 17:04:33,665:INFO:Creating metrics dataframe
2023-10-25 17:04:33,665:INFO:Uploading results into container
2023-10-25 17:04:33,665:INFO:Uploading model into container now
2023-10-25 17:04:33,665:INFO:_master_model_container: 8
2023-10-25 17:04:33,665:INFO:_display_container: 2
2023-10-25 17:04:33,665:INFO:DummyClassifier(constant=None, random_state=123, strategy='prior')
2023-10-25 17:04:33,665:INFO:create_model() successfully completed......................................
2023-10-25 17:04:33,759:INFO:SubProcess create_model() end ==================================
2023-10-25 17:04:33,759:INFO:Creating metrics dataframe
2023-10-25 17:04:33,759:INFO:Initializing create_model()
2023-10-25 17:04:33,759:INFO:create_model(self=<pycaret.classification.oop.ClassificationExperiment object at 0x000001AAD618A770>, estimator=LogisticRegression(C=1.0, class_weight=None, dual=False, fit_intercept=True,
                   intercept_scaling=1, l1_ratio=None, max_iter=1000,
                   multi_class='auto', n_jobs=None, penalty='l2',
                   random_state=123, solver='lbfgs', tol=0.0001, verbose=0,
                   warm_start=False), fold=StratifiedKFold(n_splits=10, random_state=None, shuffle=False), round=4, cross_validation=False, predict=False, fit_kwargs={}, groups=None, refit=True, probability_threshold=None, experiment_custom_tags=None, verbose=False, system=False, add_to_model_list=True, metrics=None, display=None, model_only=True, return_train_score=False, kwargs={})
2023-10-25 17:04:33,759:INFO:Checking exceptions
2023-10-25 17:04:33,759:INFO:Importing libraries
2023-10-25 17:04:33,759:INFO:Copying training dataset
2023-10-25 17:04:33,775:INFO:Defining folds
2023-10-25 17:04:33,775:INFO:Declaring metric variables
2023-10-25 17:04:33,775:INFO:Importing untrained model
2023-10-25 17:04:33,775:INFO:Declaring custom model
2023-10-25 17:04:33,775:INFO:Logistic Regression Imported successfully
2023-10-25 17:04:33,775:INFO:Cross validation set to False
2023-10-25 17:04:33,775:INFO:Fitting Model
2023-10-25 17:04:33,958:INFO:LogisticRegression(C=1.0, class_weight=None, dual=False, fit_intercept=True,
                   intercept_scaling=1, l1_ratio=None, max_iter=1000,
                   multi_class='auto', n_jobs=None, penalty='l2',
                   random_state=123, solver='lbfgs', tol=0.0001, verbose=0,
                   warm_start=False)
2023-10-25 17:04:33,958:INFO:create_model() successfully completed......................................
2023-10-25 17:04:34,073:INFO:_master_model_container: 8
2023-10-25 17:04:34,073:INFO:_display_container: 2
2023-10-25 17:04:34,073:INFO:LogisticRegression(C=1.0, class_weight=None, dual=False, fit_intercept=True,
                   intercept_scaling=1, l1_ratio=None, max_iter=1000,
                   multi_class='auto', n_jobs=None, penalty='l2',
                   random_state=123, solver='lbfgs', tol=0.0001, verbose=0,
                   warm_start=False)
2023-10-25 17:04:34,073:INFO:compare_models() successfully completed......................................
2023-10-25 17:04:34,073:INFO:Initializing create_model()
2023-10-25 17:04:34,073:INFO:create_model(self=<pycaret.classification.oop.ClassificationExperiment object at 0x000001AAD618A770>, estimator=LogisticRegression(C=1.0, class_weight=None, dual=False, fit_intercept=True,
                   intercept_scaling=1, l1_ratio=None, max_iter=1000,
                   multi_class='auto', n_jobs=None, penalty='l2',
                   random_state=123, solver='lbfgs', tol=0.0001, verbose=0,
                   warm_start=False), fold=None, round=4, cross_validation=True, predict=True, fit_kwargs=None, groups=None, refit=True, probability_threshold=None, experiment_custom_tags=None, verbose=True, system=True, add_to_model_list=True, metrics=None, display=None, model_only=True, return_train_score=False, kwargs={})
2023-10-25 17:04:34,073:INFO:Checking exceptions
2023-10-25 17:04:34,073:INFO:Importing libraries
2023-10-25 17:04:34,073:INFO:Copying training dataset
2023-10-25 17:04:34,088:INFO:Defining folds
2023-10-25 17:04:34,088:INFO:Declaring metric variables
2023-10-25 17:04:34,088:INFO:Importing untrained model
2023-10-25 17:04:34,088:INFO:Declaring custom model
2023-10-25 17:04:34,088:INFO:Logistic Regression Imported successfully
2023-10-25 17:04:34,088:INFO:Starting cross validation
2023-10-25 17:04:34,088:INFO:Cross validating with StratifiedKFold(n_splits=10, random_state=None, shuffle=False), n_jobs=-1
2023-10-25 17:04:34,481:INFO:Calculating mean and std
2023-10-25 17:04:34,481:INFO:Creating metrics dataframe
2023-10-25 17:04:34,481:INFO:Finalizing model
2023-10-25 17:04:34,669:INFO:Uploading results into container
2023-10-25 17:04:34,669:INFO:Uploading model into container now
2023-10-25 17:04:34,684:INFO:_master_model_container: 9
2023-10-25 17:04:34,684:INFO:_display_container: 3
2023-10-25 17:04:34,684:INFO:LogisticRegression(C=1.0, class_weight=None, dual=False, fit_intercept=True,
                   intercept_scaling=1, l1_ratio=None, max_iter=1000,
                   multi_class='auto', n_jobs=None, penalty='l2',
                   random_state=123, solver='lbfgs', tol=0.0001, verbose=0,
                   warm_start=False)
2023-10-25 17:04:34,684:INFO:create_model() successfully completed......................................
2023-10-25 17:04:34,810:INFO:Initializing predict_model()
2023-10-25 17:04:34,810:INFO:predict_model(self=<pycaret.classification.oop.ClassificationExperiment object at 0x000001AAD618A770>, estimator=LogisticRegression(C=1.0, class_weight=None, dual=False, fit_intercept=True,
                   intercept_scaling=1, l1_ratio=None, max_iter=1000,
                   multi_class='auto', n_jobs=None, penalty='l2',
                   random_state=123, solver='lbfgs', tol=0.0001, verbose=0,
                   warm_start=False), probability_threshold=None, encoded_labels=False, raw_score=False, round=4, verbose=True, ml_usecase=None, preprocess=True, encode_labels=<function _SupervisedExperiment.predict_model.<locals>.encode_labels at 0x000001AAD3FBF760>)
2023-10-25 17:04:34,810:INFO:Checking exceptions
2023-10-25 17:04:34,810:INFO:Preloading libraries
2023-10-25 17:04:35,369:INFO:Initializing save_model()
2023-10-25 17:04:35,370:INFO:save_model(model=LogisticRegression(C=1.0, class_weight=None, dual=False, fit_intercept=True,
                   intercept_scaling=1, l1_ratio=None, max_iter=1000,
                   multi_class='auto', n_jobs=None, penalty='l2',
                   random_state=123, solver='lbfgs', tol=0.0001, verbose=0,
                   warm_start=False), model_name=my_best model, prep_pipe_=Pipeline(memory=FastMemory(location=C:\Users\XPS956~1\AppData\Local\Temp\joblib),
         steps=[('numerical_imputer',
                 TransformerWrapper(exclude=None,
                                    include=['Gender_x', 'Age', 'Height',
                                             'Weight',
                                             'family_history_with_overweight',
                                             'FAVC', 'FCVC', 'NCP', 'CAEC',
                                             'SMOKE', 'CH2O', 'SCC', 'FAF',
                                             'TUE', 'CALC', 'MTRANS',
                                             'NObeyesdad'],
                                    transformer=SimpleImputer(add_indicator=Fa...
                                                              copy=True,
                                                              fill_value=None,
                                                              keep_empty_features=False,
                                                              missing_values=nan,
                                                              strategy='mean',
                                                              verbose='deprecated'))),
                ('categorical_imputer',
                 TransformerWrapper(exclude=None, include=[],
                                    transformer=SimpleImputer(add_indicator=False,
                                                              copy=True,
                                                              fill_value=None,
                                                              keep_empty_features=False,
                                                              missing_values=nan,
                                                              strategy='most_frequent',
                                                              verbose='deprecated')))],
         verbose=False), verbose=True, use_case=MLUsecase.CLASSIFICATION, kwargs={})
2023-10-25 17:04:35,370:INFO:Adding model into prep_pipe
2023-10-25 17:04:35,375:INFO:my_best model.pkl saved in current working directory
2023-10-25 17:04:35,381:INFO:Pipeline(memory=Memory(location=None),
         steps=[('numerical_imputer',
                 TransformerWrapper(exclude=None,
                                    include=['Gender_x', 'Age', 'Height',
                                             'Weight',
                                             'family_history_with_overweight',
                                             'FAVC', 'FCVC', 'NCP', 'CAEC',
                                             'SMOKE', 'CH2O', 'SCC', 'FAF',
                                             'TUE', 'CALC', 'MTRANS',
                                             'NObeyesdad'],
                                    transformer=SimpleImputer(add_indicator=False,
                                                              copy=True,
                                                              fill_value=None,
                                                              keep_empty_fe...
                                                              keep_empty_features=False,
                                                              missing_values=nan,
                                                              strategy='most_frequent',
                                                              verbose='deprecated'))),
                ('trained_model',
                 LogisticRegression(C=1.0, class_weight=None, dual=False,
                                    fit_intercept=True, intercept_scaling=1,
                                    l1_ratio=None, max_iter=1000,
                                    multi_class='auto', n_jobs=None,
                                    penalty='l2', random_state=123,
                                    solver='lbfgs', tol=0.0001, verbose=0,
                                    warm_start=False))],
         verbose=False)
2023-10-25 17:04:35,381:INFO:save_model() successfully completed......................................
